Running: C:\Users\Romek\OneDrive\Desktop\vfx2obj_build\dist\vfx2obj.exe 
--debug-frames --gltf 
C:\Users\Romek\OneDrive\Desktop\vfx2obj_build\vfxstudio\samples\APC.vfx
[DEBUG_FRAMES] mesh='Mesh01' fps=15 frames=26 morph=False flags=0x00000000
[DEBUG_FRAMES] mesh='Box02' fps=15 frames=26 morph=False flags=0x00000000
[DEBUG_FRAMES] mesh='Cylinder01' fps=15 frames=26 morph=False flags=0x00000000
[DEBUG_FRAMES] mesh='Line01' fps=15 frames=26 morph=False flags=0x00000000
[DEBUG_FRAMES] mesh='Box03' fps=15 frames=26 morph=False flags=0x00000000
[DEBUG_FRAMES] mesh='Mesh03' fps=15 frames=26 morph=False flags=0x00000000
[DEBUG_FRAMES] mesh='Box07' fps=15 frames=26 morph=False flags=0x00000000
[DEBUG_FRAMES] mesh='Line03' fps=15 frames=26 morph=False flags=0x00000000
[DEBUG_FRAMES] mesh='Cylinder02' fps=15 frames=26 morph=False flags=0x00000000
[DEBUG_FRAMES] mesh='Box08' fps=15 frames=26 morph=False flags=0x00000000
[DEBUG_FRAMES] mesh='Box09' fps=15 frames=26 morph=False flags=0x00000000
[DEBUG_FRAMES] mesh='Line04' fps=15 frames=26 morph=False flags=0x00000000
[DEBUG_FRAMES] mesh='Box10' fps=15 frames=26 morph=False flags=0x00000000
[DEBUG_FRAMES] mesh='Box11' fps=15 frames=26 morph=False flags=0x00000000
[DEBUG_FRAMES] mesh='Box12' fps=15 frames=26 morph=False flags=0x00000000
[DEBUG_FRAMES] mesh='Cylinder03' fps=15 frames=26 morph=False flags=0x00000000
[DEBUG_FRAMES] mesh='Box01' fps=15 frames=26 morph=False flags=0x00000000
[DEBUG_FRAMES] mesh='Box13' fps=15 frames=26 morph=False flags=0x00000000
[DEBUG_FRAMES] mesh='Box14' fps=15 frames=26 morph=False flags=0x00000000
[DEBUG_FRAMES] mesh='Box15' fps=15 frames=26 morph=False flags=0x00000000
[DEBUG_FRAMES] mesh='Box16' fps=15 frames=26 morph=False flags=0x00000000
[DEBUG_FRAMES] mesh='Box17' fps=15 frames=26 morph=False flags=0x00000000
[DEBUG_FRAMES] mesh='Box18' fps=15 frames=26 morph=False flags=0x00000000
[DEBUG_FRAMES] mesh='Box19' fps=15 frames=26 morph=False flags=0x00000000
[DEBUG_FRAMES] mesh='Box20' fps=15 frames=26 morph=False flags=0x00000000
[DEBUG_FRAMES] mesh='Box21' fps=15 frames=26 morph=False flags=0x00000000
[DEBUG_FRAMES] mesh='Box22' fps=15 frames=26 morph=False flags=0x00000000
[DEBUG_FRAMES] mesh='Box23' fps=15 frames=26 morph=False flags=0x00000000
[DEBUG_FRAMES] mesh='Box24' fps=15 frames=26 morph=False flags=0x00000000
[DEBUG_FRAMES] mesh='Box25' fps=15 frames=26 morph=False flags=0x00000000
[DEBUG_FRAMES] mesh='Box26' fps=15 frames=26 morph=False flags=0x00000000
[DEBUG_FRAMES] mesh='Box27' fps=15 frames=26 morph=False flags=0x00000000
[DEBUG_FRAMES] mesh='Box28' fps=15 frames=26 morph=False flags=0x00000000
[DEBUG_FRAMES] mesh='Box29' fps=15 frames=26 morph=False flags=0x00000000
[DEBUG_FRAMES] mesh='Box30' fps=15 frames=26 morph=False flags=0x00000000
[DEBUG_FRAMES] mesh='Box31' fps=15 frames=26 morph=False flags=0x00000000
[DEBUG_FRAMES] mesh='Box32' fps=15 frames=26 morph=False flags=0x00000000
[DEBUG_FRAMES] mesh='Box33' fps=15 frames=26 morph=False flags=0x00000000
[DEBUG_FRAMES] mesh='Box34' fps=15 frames=26 morph=False flags=0x00000000
[DEBUG_FRAMES] mesh='Box35' fps=15 frames=26 morph=False flags=0x00000000
[DEBUG_FRAMES] mesh='Box04' fps=15 frames=26 morph=False flags=0x00000000
[DEBUG_FRAMES] mesh='Box36' fps=15 frames=26 morph=False flags=0x00000000
[DEBUG_FRAMES] mesh='Box37' fps=15 frames=26 morph=False flags=0x00000000
[DEBUG_FRAMES] mesh='Box38' fps=15 frames=26 morph=False flags=0x00000000
[DEBUG_FRAMES] mesh='Box39' fps=15 frames=26 morph=False flags=0x00000000
[DEBUG_FRAMES] mesh='Box40' fps=15 frames=26 morph=False flags=0x00000000
[DEBUG_FRAMES] mesh='Box41' fps=15 frames=26 morph=False flags=0x00000000
[DEBUG_FRAMES] mesh='Box42' fps=15 frames=26 morph=False flags=0x00000000
[DEBUG_FRAMES] mesh='Box43' fps=15 frames=26 morph=False flags=0x00000000
[DEBUG_FRAMES] mesh='Box44' fps=15 frames=26 morph=False flags=0x00000000
[DEBUG_FRAMES] mesh='Box45' fps=15 frames=26 morph=False flags=0x00000000
[DEBUG_FRAMES] mesh='Box46' fps=15 frames=26 morph=False flags=0x00000000
[DEBUG_FRAMES] mesh='Box47' fps=15 frames=26 morph=False flags=0x00000000
[DEBUG_FRAMES] mesh='Box05' fps=15 frames=26 morph=False flags=0x00000000
[DEBUG_FRAMES] mesh='Box48' fps=15 frames=26 morph=False flags=0x00000000
[DEBUG_FRAMES] mesh='Mesh04' fps=15 frames=26 morph=False flags=0x00000000
[DEBUG_FRAMES] mesh='Cylinder04' fps=15 frames=26 morph=False flags=0x00000000
[DEBUG_FRAMES] mesh='Box06' fps=15 frames=26 morph=False flags=0x00000000
[DEBUG_FRAMES] mesh='Box49' fps=15 frames=26 morph=False flags=0x00000010
[DEBUG_FRAMES] mesh='Box50' fps=15 frames=26 morph=False flags=0x00000010
[DEBUG_FRAMES] mesh='Box51' fps=15 frames=26 morph=False flags=0x00000000
[DEBUG_FRAMES] mesh='Box52' fps=15 frames=26 morph=False flags=0x00000000
[DEBUG_FRAMES] mesh='Box53' fps=15 frames=26 morph=False flags=0x00000000
[DEBUG_FRAMES] mesh='Box54' fps=15 frames=26 morph=False flags=0x00000000
[DEBUG_FRAMES] mesh='Box55' fps=15 frames=26 morph=False flags=0x00000000
[DEBUG_FRAMES] mesh='Box56' fps=15 frames=26 morph=False flags=0x00000000
[DEBUG_FRAMES] mesh='Box57' fps=15 frames=26 morph=False flags=0x00000000
[DEBUG_FRAMES] mesh='Box58' fps=15 frames=26 morph=False flags=0x00000010
[DEBUG_FRAMES] mesh='Mesh02' fps=15 frames=26 morph=False flags=0x00000000
[DEBUG_FRAMES] mesh='Box59' fps=15 frames=26 morph=False flags=0x00000010
[DEBUG_FRAMES] mesh='Box60' fps=15 frames=26 morph=False flags=0x00000010
[DEBUG_FRAMES] mesh='A_D_01' fps=15 frames=26 morph=False flags=0x00000000
[DEBUG_FRAMES] mesh='A_D_02' fps=15 frames=26 morph=False flags=0x00000000
[DEBUG_FRAMES] mesh='A_D_03' fps=15 frames=26 morph=False flags=0x00000000
[DEBUG_FRAMES] mesh='S_D_02' fps=15 frames=26 morph=False flags=0x00000000
[DEBUG_FRAMES] mesh='S_D_03' fps=15 frames=26 morph=False flags=0x00000000
[DEBUG_FRAMES] mesh='S_D_04' fps=15 frames=26 morph=False flags=0x00000000
[DEBUG_FRAMES] mesh='P_D_01' fps=15 frames=26 morph=False flags=0x00000000
[DEBUG_FRAMES] mesh='P_D_02' fps=15 frames=26 morph=False flags=0x00000000
[DEBUG_FRAMES] mesh='P_D_03' fps=15 frames=26 morph=False flags=0x00000000
[DEBUG_FRAMES] mesh='Box61' fps=15 frames=26 morph=False flags=0x00000010
[DEBUG_FRAMES] mesh='Box62' fps=15 frames=26 morph=False flags=0x00000010
[DEBUG_FRAMES] mesh='S_D_05' fps=15 frames=26 morph=False flags=0x00000000
[DEBUG_FRAMES] mesh='Box63' fps=15 frames=26 morph=False flags=0x00000010
[DEBUG_FRAMES] mesh='Box64' fps=15 frames=26 morph=False flags=0x00000010
[DEBUG_FRAMES] mesh='Mesh05' fps=15 frames=26 morph=False flags=0x00000000
Wrote: C:\Users\Romek\OneDrive\Desktop\vfx2obj_build\vfxstudio\samples\APC.gltf
Wrote: C:\Users\Romek\OneDrive\Desktop\vfx2obj_build\vfxstudio\samples\APC.bin
Done. (Converter writes next to input; we will wire --out next.)

