Running: C:\Users\Romek\OneDrive\Desktop\vfx2obj_build\dist\vfx2obj.exe 
--debug-frames --gltf 
C:\Users\Romek\OneDrive\Desktop\vfx2obj_build\vfxstudio\samples\spike_tribeamhi
t.vfx
[DEBUG_FRAMES] mesh='Box02' fps=15 frames=9 morph=False flags=0x00000010
[DEBUG_FRAMES] mesh='Plane01' fps=15 frames=9 morph=False flags=0x00000011
[DEBUG_FRAMES] mesh='SpikeBeamFlare' fps=15 frames=9 morph=True flags=0x00000014
[DEBUG_FRAMES] mesh='SpikeBeamFlare01' fps=15 frames=9 morph=True flags=0x00000014
[DEBUG_FRAMES] mesh='SpikeBeamFlare02' fps=15 frames=9 morph=True flags=0x00000014
[DEBUG_FRAMES] mesh='SpikeBeamFlare03' fps=15 frames=9 morph=True flags=0x00000014
[DEBUG_FRAMES] mesh='SpikeBeamFlare04' fps=15 frames=9 morph=True flags=0x00000014
[DEBUG_FRAMES] mesh='SpikeBeamFlare05' fps=15 frames=9 morph=True flags=0x00000014
[DEBUG_FRAMES] mesh='SpikeBeamFlare06' fps=15 frames=9 morph=True flags=0x00000014
[DEBUG_FRAMES] mesh='SpikeBeamFlare07' fps=15 frames=9 morph=True flags=0x00000014
[DEBUG_FRAMES] mesh='SpikeBeamFlare08' fps=15 frames=9 morph=True flags=0x00000014
[DEBUG_FRAMES] mesh='SpikeBeamFlare09' fps=15 frames=9 morph=True flags=0x00000014
[DEBUG_FRAMES] mesh='SpikeBeamFlare10' fps=15 frames=9 morph=True flags=0x00000014
[DEBUG_FRAMES] mesh='SpikeBeamFlare11' fps=15 frames=9 morph=True flags=0x00000014
[DEBUG_FRAMES] mesh='SpikeBeamFlare12' fps=15 frames=9 morph=True flags=0x00000014
[DEBUG_FRAMES] mesh='SpikeBeamFlare13' fps=15 frames=9 morph=True flags=0x00000014
Wrote: C:\Users\Romek\OneDrive\Desktop\vfx2obj_build\vfxstudio\samples\spike_tribeamhit.gltf
Wrote: C:\Users\Romek\OneDrive\Desktop\vfx2obj_build\vfxstudio\samples\spike_tribeamhit.bin
Done. (Converter writes next to input; we will wire --out next.)

