21:59:25 | INFO: Data are loaded, start creating Blender stuff
21:59:25 | INFO: Blender create Mesh node Box02
Blender 4.4.0 (hash 05377985c527 built 2025-03-18 03:22:03)
Error: Cannot read 'C:\Users\Romek\OneDrive\Desktop\vfx2obj_build\out\gltf\spike_tribeamhit\SpikeVFXShock.tga': No such file or directory
21:59:25 | ERROR: Missing image file (index 0): C:\Users\Romek\OneDrive\Desktop\vfx2obj_build\out\gltf\spike_tribeamhit\SpikeVFXShock.tga
21:59:25 | INFO: Blender create Mesh node Plane01
21:59:25 | INFO: Blender create Mesh node SpikeBeamFlare
21:59:25 | INFO: Blender create Mesh node SpikeBeamFlare01
21:59:25 | INFO: Blender create Mesh node SpikeBeamFlare02
21:59:25 | INFO: Blender create Mesh node SpikeBeamFlare03
21:59:25 | INFO: Blender create Mesh node SpikeBeamFlare04
21:59:25 | INFO: Blender create Mesh node SpikeBeamFlare05
21:59:25 | INFO: Blender create Mesh node SpikeBeamFlare06
21:59:25 | INFO: Blender create Mesh node SpikeBeamFlare07
21:59:25 | INFO: Blender create Mesh node SpikeBeamFlare08
21:59:25 | INFO: Blender create Mesh node SpikeBeamFlare09
21:59:25 | INFO: Blender create Mesh node SpikeBeamFlare10
21:59:25 | INFO: Blender create Mesh node SpikeBeamFlare11
21:59:25 | INFO: Blender create Mesh node SpikeBeamFlare12
21:59:25 | INFO: Blender create Mesh node SpikeBeamFlare13
21:59:25 | INFO: glTF import finished in 0.01s
INFO Draco mesh compression is available, use library at C:\Program Files\Blender Foundation\Blender 4.4\4.4\scripts\addons_core\io_scene_gltf2\extern_draco.dll
21:59:26 | INFO: Starting glTF 2.0 export
21:59:26 | INFO: Extracting primitive: Box02
21:59:26 | INFO: Primitives created: 1
21:59:26 | INFO: Extracting primitive: Plane01
21:59:26 | INFO: Primitives created: 1
21:59:26 | INFO: Extracting primitive: SpikeBeamFlare
21:59:26 | INFO: Primitives created: 1
21:59:26 | INFO: Extracting primitive: SpikeBeamFlare01
21:59:26 | INFO: Primitives created: 1
21:59:26 | INFO: Extracting primitive: SpikeBeamFlare02
21:59:26 | INFO: Primitives created: 1
21:59:26 | INFO: Extracting primitive: SpikeBeamFlare03
21:59:26 | INFO: Primitives created: 1
21:59:26 | INFO: Extracting primitive: SpikeBeamFlare04
21:59:26 | INFO: Primitives created: 1
21:59:26 | INFO: Extracting primitive: SpikeBeamFlare05
21:59:26 | INFO: Primitives created: 1
21:59:26 | INFO: Extracting primitive: SpikeBeamFlare06
21:59:26 | INFO: Primitives created: 1
21:59:26 | INFO: Extracting primitive: SpikeBeamFlare07
21:59:26 | INFO: Primitives created: 1
21:59:26 | INFO: Extracting primitive: SpikeBeamFlare08
21:59:26 | INFO: Primitives created: 1
21:59:26 | INFO: Extracting primitive: SpikeBeamFlare09
21:59:26 | INFO: Primitives created: 1
21:59:26 | INFO: Extracting primitive: SpikeBeamFlare10
21:59:26 | INFO: Primitives created: 1
21:59:26 | INFO: Extracting primitive: SpikeBeamFlare11
21:59:26 | INFO: Primitives created: 1
21:59:26 | INFO: Extracting primitive: SpikeBeamFlare12
21:59:26 | INFO: Primitives created: 1
21:59:26 | INFO: Extracting primitive: SpikeBeamFlare13
21:59:26 | INFO: Primitives created: 1
21:59:26 | INFO: Finished glTF 2.0 export in 0.02001500129699707 s

Wrote: C:\Users\Romek\OneDrive\Desktop\vfx2obj_build\out\gltf\spike_tribeamhit\spike_tribeamhit.glb

Blender quit

