Running: C:\Users\Romek\OneDrive\Desktop\vfx2obj_build\dist\vfx2obj.exe 
--debug-frames --gltf 
C:\Users\Romek\OneDrive\Desktop\vfx2obj_build\dist\vfx\Cutscene09_fx.vfx
[DEBUG_FRAMES] mesh='BlastHole01' fps=15 frames=223 morph=False flags=0x00000000
[DEBUG_FRAMES] mesh='BlastHole02' fps=15 frames=173 morph=False flags=0x00000000
[DEBUG_FRAMES] mesh='BlastHole03' fps=15 frames=146 morph=False flags=0x00000000
[DEBUG_FRAMES] mesh='BlastHole04' fps=15 frames=200 morph=False flags=0x00000000
[DEBUG_FRAMES] mesh='BlastHole05' fps=15 frames=182 morph=False flags=0x00000000
[DEBUG_FRAMES] mesh='BlastHole06' fps=15 frames=137 morph=False flags=0x00000000
[DEBUG_FRAMES] mesh='BlastHole07' fps=15 frames=119 morph=False flags=0x00000000
[DEBUG_FRAMES] mesh='BlastHole08' fps=15 frames=206 morph=False flags=0x00000000
[DEBUG_FRAMES] mesh='BlastHole09' fps=15 frames=78 morph=False flags=0x00000000
[DEBUG_FRAMES] mesh='BlastHole10' fps=15 frames=119 morph=False flags=0x00000000
[DEBUG_FRAMES] mesh='Box01' fps=15 frames=291 morph=False flags=0x00000000
[DEBUG_FRAMES] mesh='Cylinder01' fps=15 frames=205 morph=False flags=0x00000000
[DEBUG_FRAMES] mesh='Cylinder03' fps=15 frames=291 morph=False flags=0x00000000
[DEBUG_FRAMES] mesh='Cylinder04' fps=15 frames=291 morph=False flags=0x00000000
[DEBUG_FRAMES] mesh='EscapePod01' fps=15 frames=32 morph=True flags=0x00000004
[DEBUG_FRAMES] mesh='Explosion01-A' fps=15 frames=12 morph=True flags=0x00000814
[DEBUG_FRAMES] mesh='Explosion01-A01' fps=15 frames=12 morph=True flags=0x00000814
[DEBUG_FRAMES] mesh='Explosion01-B' fps=15 frames=12 morph=True flags=0x00000015
[DEBUG_FRAMES] mesh='Explosion01-B01' fps=15 frames=12 morph=True flags=0x00000015
[DEBUG_FRAMES] mesh='Explosion02-A' fps=15 frames=14 morph=True flags=0x00000814
[DEBUG_FRAMES] mesh='Explosion02-B' fps=15 frames=14 morph=True flags=0x00000015
[DEBUG_FRAMES] mesh='Explosion02-B01' fps=15 frames=18 morph=True flags=0x00000015
[DEBUG_FRAMES] mesh='Explosion02-B02' fps=15 frames=18 morph=True flags=0x00000814
[DEBUG_FRAMES] mesh='Explosion03-A' fps=15 frames=15 morph=True flags=0x00000814
[DEBUG_FRAMES] mesh='Explosion03-A01' fps=15 frames=15 morph=True flags=0x00000015
[DEBUG_FRAMES] mesh='Explosion04-A' fps=15 frames=18 morph=True flags=0x00000015
[DEBUG_FRAMES] mesh='Explosion04-A01' fps=15 frames=18 morph=True flags=0x00000015
[DEBUG_FRAMES] mesh='Explosion04-B' fps=15 frames=18 morph=True flags=0x00000814
[DEBUG_FRAMES] mesh='Explosion04-B01' fps=15 frames=18 morph=True flags=0x00000015
[DEBUG_FRAMES] mesh='Explosion06_A' fps=15 frames=18 morph=True flags=0x00000015
[DEBUG_FRAMES] mesh='Explosion06_A01' fps=15 frames=18 morph=True flags=0x00000814
[DEBUG_FRAMES] mesh='Explosion06_A02' fps=15 frames=18 morph=True flags=0x00000015
[DEBUG_FRAMES] mesh='Explosion06_A03' fps=15 frames=18 morph=True flags=0x00000814
[DEBUG_FRAMES] mesh='Explosion06_A04' fps=15 frames=18 morph=True flags=0x00000015
[DEBUG_FRAMES] mesh='Explosion06_A05' fps=15 frames=18 morph=True flags=0x00000015
[DEBUG_FRAMES] mesh='Explosion06_A06' fps=15 frames=18 morph=True flags=0x00000015
[DEBUG_FRAMES] mesh='Explosion06_A06' fps=15 frames=20 morph=True flags=0x00000015
[DEBUG_FRAMES] mesh='Explosion06_A07' fps=15 frames=18 morph=True flags=0x00000015
[DEBUG_FRAMES] mesh='Explosion06_A07' fps=15 frames=20 morph=True flags=0x00000015
[DEBUG_FRAMES] mesh='Mesh01' fps=15 frames=291 morph=False flags=0x00000000
[DEBUG_FRAMES] mesh='Object01' fps=15 frames=291 morph=False flags=0x00000000
[DEBUG_FRAMES] mesh='Object02' fps=15 frames=291 morph=False flags=0x00000000
[DEBUG_FRAMES] mesh='Object03' fps=15 frames=291 morph=False flags=0x00000000
[DEBUG_FRAMES] mesh='Object04' fps=15 frames=291 morph=False flags=0x00000000
[DEBUG_FRAMES] mesh='Object05' fps=15 frames=291 morph=False flags=0x00000000
[DEBUG_FRAMES] mesh='Object06' fps=15 frames=291 morph=False flags=0x00000000
[DEBUG_FRAMES] mesh='Object13' fps=15 frames=291 morph=False flags=0x00000000
[DEBUG_FRAMES] mesh='Object14' fps=15 frames=291 morph=False flags=0x00000000
[DEBUG_FRAMES] mesh='Object15' fps=15 frames=291 morph=False flags=0x00000000
[DEBUG_FRAMES] mesh='Object16' fps=15 frames=291 morph=False flags=0x00000000
[DEBUG_FRAMES] mesh='Object17' fps=15 frames=291 morph=False flags=0x00000000
[DEBUG_FRAMES] mesh='Object18' fps=15 frames=291 morph=False flags=0x00000000
[DEBUG_FRAMES] mesh='Object19' fps=15 frames=291 morph=False flags=0x00000000
[DEBUG_FRAMES] mesh='Object20' fps=15 frames=291 morph=False flags=0x00000000
[DEBUG_FRAMES] mesh='Object21' fps=15 frames=291 morph=False flags=0x00000000
[DEBUG_FRAMES] mesh='Object22' fps=15 frames=291 morph=False flags=0x00000000
[DEBUG_FRAMES] mesh='Object23' fps=15 frames=291 morph=False flags=0x00000000
[DEBUG_FRAMES] mesh='Object24' fps=15 frames=291 morph=False flags=0x00000000
[DEBUG_FRAMES] mesh='Object25' fps=15 frames=291 morph=False flags=0x00000000
[DEBUG_FRAMES] mesh='Object26' fps=15 frames=291 morph=False flags=0x00000000
[DEBUG_FRAMES] mesh='Plane01' fps=15 frames=291 morph=False flags=0x00000011
[DEBUG_FRAMES] mesh='Plane02' fps=15 frames=291 morph=False flags=0x00000011
[DEBUG_FRAMES] mesh='Plane03' fps=15 frames=291 morph=False flags=0x00000011
[DEBUG_FRAMES] mesh='Plane04' fps=15 frames=291 morph=False flags=0x00000011
[DEBUG_FRAMES] mesh='Plane05' fps=15 frames=291 morph=False flags=0x00000011
[DEBUG_FRAMES] mesh='Plane06' fps=15 frames=291 morph=False flags=0x00000011
[DEBUG_FRAMES] mesh='Plane07' fps=15 frames=291 morph=False flags=0x00000011
[DEBUG_FRAMES] mesh='Plane08' fps=15 frames=291 morph=False flags=0x00000011
[DEBUG_FRAMES] mesh='Plane09' fps=15 frames=291 morph=False flags=0x00000011
[DEBUG_FRAMES] mesh='Plane10' fps=15 frames=291 morph=False flags=0x00000011
[DEBUG_FRAMES] mesh='Plane11' fps=15 frames=291 morph=False flags=0x00000011
[DEBUG_FRAMES] mesh='Plane12' fps=15 frames=291 morph=False flags=0x00000011
[DEBUG_FRAMES] mesh='Plane13' fps=15 frames=291 morph=False flags=0x00000011
[DEBUG_FRAMES] mesh='Plane14' fps=15 frames=291 morph=False flags=0x00000011
[DEBUG_FRAMES] mesh='Plane15' fps=15 frames=291 morph=False flags=0x00000011
[DEBUG_FRAMES] mesh='Plane16' fps=15 frames=291 morph=False flags=0x00000011
[DEBUG_FRAMES] mesh='Plane17' fps=15 frames=291 morph=False flags=0x00000011
[DEBUG_FRAMES] mesh='Plane18' fps=15 frames=291 morph=False flags=0x00000011
[DEBUG_FRAMES] mesh='Plane19' fps=15 frames=291 morph=False flags=0x00000011
[DEBUG_FRAMES] mesh='Plane20' fps=15 frames=291 morph=False flags=0x00000011
[DEBUG_FRAMES] mesh='Plane21' fps=15 frames=291 morph=False flags=0x00000011
[DEBUG_FRAMES] mesh='Plane22' fps=15 frames=291 morph=False flags=0x00000011
[DEBUG_FRAMES] mesh='Plane23' fps=15 frames=291 morph=False flags=0x00000011
[DEBUG_FRAMES] mesh='Plane24' fps=15 frames=291 morph=False flags=0x00000011
[DEBUG_FRAMES] mesh='Plane25' fps=15 frames=291 morph=False flags=0x00000011
[DEBUG_FRAMES] mesh='Plane26' fps=15 frames=291 morph=False flags=0x00000011
[DEBUG_FRAMES] mesh='Plane27' fps=15 frames=291 morph=False flags=0x00000011
[DEBUG_FRAMES] mesh='Plane28' fps=15 frames=291 morph=False flags=0x00000011
[DEBUG_FRAMES] mesh='Plane29' fps=15 frames=291 morph=False flags=0x00000011
[DEBUG_FRAMES] mesh='Plane30' fps=15 frames=291 morph=False flags=0x00000011
[DEBUG_FRAMES] mesh='Plane31' fps=15 frames=291 morph=False flags=0x00000011
[DEBUG_FRAMES] mesh='Plane36' fps=15 frames=291 morph=False flags=0x00000011
[DEBUG_FRAMES] mesh='Plane37' fps=15 frames=291 morph=False flags=0x00000011
[DEBUG_FRAMES] mesh='Plane38' fps=15 frames=291 morph=False flags=0x00000011
[DEBUG_FRAMES] mesh='Plane39' fps=15 frames=291 morph=False flags=0x00000011
[DEBUG_FRAMES] mesh='Plane40' fps=15 frames=291 morph=False flags=0x00000011
[DEBUG_FRAMES] mesh='Plane41' fps=15 frames=291 morph=False flags=0x00000011
[DEBUG_FRAMES] mesh='Plane42' fps=15 frames=291 morph=False flags=0x00000011
[DEBUG_FRAMES] mesh='Plane43' fps=15 frames=291 morph=False flags=0x00000011
[DEBUG_FRAMES] mesh='Plane44' fps=15 frames=291 morph=False flags=0x00000011
[DEBUG_FRAMES] mesh='Plane45' fps=15 frames=291 morph=False flags=0x00000011
[DEBUG_FRAMES] mesh='Plane46' fps=15 frames=291 morph=False flags=0x00000011
[DEBUG_FRAMES] mesh='Plane47' fps=15 frames=291 morph=False flags=0x00000011
[DEBUG_FRAMES] mesh='Plane48' fps=15 frames=291 morph=False flags=0x00000011
[DEBUG_FRAMES] mesh='Plane49' fps=15 frames=291 morph=False flags=0x00000011
[DEBUG_FRAMES] mesh='Plane50' fps=15 frames=291 morph=False flags=0x00000011
[DEBUG_FRAMES] mesh='Plane51' fps=15 frames=291 morph=False flags=0x00000011
[DEBUG_FRAMES] mesh='Plane52' fps=15 frames=291 morph=False flags=0x00000011
[DEBUG_FRAMES] mesh='Plane53' fps=15 frames=291 morph=False flags=0x00000011
[DEBUG_FRAMES] mesh='Plane54' fps=15 frames=291 morph=False flags=0x00000011
[DEBUG_FRAMES] mesh='Plane55' fps=15 frames=291 morph=False flags=0x00000011
[DEBUG_FRAMES] mesh='Plane56' fps=15 frames=291 morph=False flags=0x00000011
[DEBUG_FRAMES] mesh='Plane57' fps=15 frames=291 morph=False flags=0x00000011
[DEBUG_FRAMES] mesh='Plane58' fps=15 frames=291 morph=False flags=0x00000011
[DEBUG_FRAMES] mesh='Plane59' fps=15 frames=291 morph=False flags=0x00000011
[DEBUG_FRAMES] mesh='Plane60' fps=15 frames=291 morph=False flags=0x00000011
[DEBUG_FRAMES] mesh='Plane61' fps=15 frames=291 morph=False flags=0x00000011
[DEBUG_FRAMES] mesh='Plane62' fps=15 frames=291 morph=False flags=0x00000011
[DEBUG_FRAMES] mesh='Plane63' fps=15 frames=291 morph=False flags=0x00000011
[DEBUG_FRAMES] mesh='Plane64' fps=15 frames=291 morph=False flags=0x00000011
[DEBUG_FRAMES] mesh='Plane65' fps=15 frames=291 morph=False flags=0x00000011
[DEBUG_FRAMES] mesh='Plane66' fps=15 frames=291 morph=False flags=0x00000011
[DEBUG_FRAMES] mesh='Plane71' fps=15 frames=205 morph=False flags=0x00000011
[DEBUG_FRAMES] mesh='Plane72' fps=15 frames=205 morph=False flags=0x00000011
[DEBUG_FRAMES] mesh='Plane73' fps=15 frames=205 morph=False flags=0x00000011
[DEBUG_FRAMES] mesh='Plane74' fps=15 frames=205 morph=False flags=0x00000011
[DEBUG_FRAMES] mesh='Plane75' fps=15 frames=205 morph=False flags=0x00000011
[DEBUG_FRAMES] mesh='Plane76' fps=15 frames=205 morph=False flags=0x00000011
[DEBUG_FRAMES] mesh='Plane77' fps=15 frames=205 morph=False flags=0x00000011
[DEBUG_FRAMES] mesh='Plane78' fps=15 frames=205 morph=False flags=0x00000011
[DEBUG_FRAMES] mesh='Plane79' fps=15 frames=205 morph=False flags=0x00000011
[DEBUG_FRAMES] mesh='Plane80' fps=15 frames=205 morph=False flags=0x00000011
[DEBUG_FRAMES] mesh='Plane81' fps=15 frames=291 morph=False flags=0x00000011
[DEBUG_FRAMES] mesh='Plane82' fps=15 frames=291 morph=False flags=0x00000011
[DEBUG_FRAMES] mesh='Plane83' fps=15 frames=291 morph=False flags=0x00000011
[DEBUG_FRAMES] mesh='Plane84' fps=15 frames=291 morph=False flags=0x00000011
[DEBUG_FRAMES] mesh='Plane85' fps=15 frames=291 morph=False flags=0x00000011
[DEBUG_FRAMES] mesh='Plane86' fps=15 frames=291 morph=False flags=0x00000011
[DEBUG_FRAMES] mesh='Plane87' fps=15 frames=291 morph=False flags=0x00000011
[DEBUG_FRAMES] mesh='Plane88' fps=15 frames=291 morph=False flags=0x00000011
[DEBUG_FRAMES] mesh='Plane89' fps=15 frames=291 morph=False flags=0x00000011
[DEBUG_FRAMES] mesh='Plane90' fps=15 frames=291 morph=False flags=0x00000011
[DEBUG_FRAMES] mesh='Plane91' fps=15 frames=291 morph=False flags=0x00000011
[DEBUG_FRAMES] mesh='Plane92' fps=15 frames=291 morph=False flags=0x00000011
[DEBUG_FRAMES] mesh='Plane93' fps=15 frames=291 morph=False flags=0x00000011
[DEBUG_FRAMES] mesh='Plane94' fps=15 frames=291 morph=False flags=0x00000011
[DEBUG_FRAMES] mesh='Plane95' fps=15 frames=291 morph=False flags=0x00000011
[DEBUG_FRAMES] mesh='Plane96' fps=15 frames=291 morph=False flags=0x00000011
[DEBUG_FRAMES] mesh='Plane97' fps=15 frames=291 morph=False flags=0x00000011
[DEBUG_FRAMES] mesh='Plane98' fps=15 frames=291 morph=False flags=0x00000011
[DEBUG_FRAMES] mesh='Plane99' fps=15 frames=291 morph=False flags=0x00000011
[DEBUG_FRAMES] mesh='Plane100' fps=15 frames=291 morph=False flags=0x00000011
[DEBUG_FRAMES] mesh='Plane101' fps=15 frames=291 morph=False flags=0x00000011
[DEBUG_FRAMES] mesh='Plane102' fps=15 frames=291 morph=False flags=0x00000011
[DEBUG_FRAMES] mesh='Plane103' fps=15 frames=291 morph=False flags=0x00000011
[DEBUG_FRAMES] mesh='Plane104' fps=15 frames=291 morph=False flags=0x00000011
[DEBUG_FRAMES] mesh='Plane105' fps=15 frames=291 morph=False flags=0x00000011
[DEBUG_FRAMES] mesh='Plane106' fps=15 frames=291 morph=False flags=0x00000011
[DEBUG_FRAMES] mesh='Plane107' fps=15 frames=291 morph=False flags=0x00000011
[DEBUG_FRAMES] mesh='Plane108' fps=15 frames=291 morph=False flags=0x00000011
[DEBUG_FRAMES] mesh='Plane109' fps=15 frames=291 morph=False flags=0x00000011
[DEBUG_FRAMES] mesh='Plane110' fps=15 frames=291 morph=False flags=0x00000011
[DEBUG_FRAMES] mesh='Plane111' fps=15 frames=291 morph=False flags=0x00000011
[DEBUG_FRAMES] mesh='Plane112' fps=15 frames=291 morph=False flags=0x00000011
[DEBUG_FRAMES] mesh='Plane113' fps=15 frames=291 morph=False flags=0x00000011
[DEBUG_FRAMES] mesh='Plane114' fps=15 frames=291 morph=False flags=0x00000011
[DEBUG_FRAMES] mesh='Plane115' fps=15 frames=291 morph=False flags=0x00000011
[DEBUG_FRAMES] mesh='Plane116' fps=15 frames=291 morph=False flags=0x00000011
[DEBUG_FRAMES] mesh='Plane117' fps=15 frames=291 morph=False flags=0x00000011
[DEBUG_FRAMES] mesh='Plane118' fps=15 frames=291 morph=False flags=0x00000011
[DEBUG_FRAMES] mesh='Plane119' fps=15 frames=291 morph=False flags=0x00000011
[DEBUG_FRAMES] mesh='Plane122' fps=15 frames=58 morph=True flags=0x00000015
[DEBUG_FRAMES] mesh='Plane123' fps=15 frames=26 morph=True flags=0x00000015
[DEBUG_FRAMES] mesh='Plane124' fps=15 frames=28 morph=True flags=0x00000014
[DEBUG_FRAMES] mesh='Reachers04' fps=15 frames=58 morph=True flags=0x00000014
[DEBUG_FRAMES] mesh='Reachers05' fps=15 frames=58 morph=True flags=0x00000014
[DEBUG_FRAMES] mesh='Reachers06' fps=15 frames=58 morph=True flags=0x00000014
[DEBUG_FRAMES] mesh='Reachers07' fps=15 frames=58 morph=True flags=0x00000014
[DEBUG_FRAMES] mesh='Reachers08' fps=15 frames=58 morph=True flags=0x00000014
[DEBUG_FRAMES] mesh='Reachers09' fps=15 frames=58 morph=True flags=0x00000014
[DEBUG_FRAMES] mesh='Reachers10' fps=15 frames=58 morph=True flags=0x00000014
[DEBUG_FRAMES] mesh='Reachers11' fps=15 frames=58 morph=True flags=0x00000014
[DEBUG_FRAMES] mesh='Reachers12' fps=15 frames=58 morph=True flags=0x00000014
[DEBUG_FRAMES] mesh='Reachers13' fps=15 frames=58 morph=True flags=0x00000014
[DEBUG_FRAMES] mesh='Reachers14' fps=15 frames=58 morph=True flags=0x00000014
[DEBUG_FRAMES] mesh='Reachers15' fps=15 frames=58 morph=True flags=0x00000014
[DEBUG_FRAMES] mesh='Reachers16' fps=15 frames=58 morph=True flags=0x00000014
[DEBUG_FRAMES] mesh='Reachers17' fps=15 frames=58 morph=True flags=0x00000014
[DEBUG_FRAMES] mesh='Reachers18' fps=15 frames=58 morph=True flags=0x00000014
[DEBUG_FRAMES] mesh='Reachers19' fps=15 frames=58 morph=True flags=0x00000014
[DEBUG_FRAMES] mesh='Reachers20' fps=15 frames=58 morph=True flags=0x00000014
[DEBUG_FRAMES] mesh='Reachers21' fps=15 frames=58 morph=True flags=0x00000014
[DEBUG_FRAMES] mesh='Reachers22' fps=15 frames=58 morph=True flags=0x00000014
[DEBUG_FRAMES] mesh='Reachers23' fps=15 frames=58 morph=True flags=0x00000014
[DEBUG_FRAMES] mesh='Reachers24' fps=15 frames=58 morph=True flags=0x00000014
[DEBUG_FRAMES] mesh='Reachers25' fps=15 frames=58 morph=True flags=0x00000014
[DEBUG_FRAMES] mesh='Reachers26' fps=15 frames=58 morph=True flags=0x00000014
[DEBUG_FRAMES] mesh='Reachers27' fps=15 frames=58 morph=True flags=0x00000014
[DEBUG_FRAMES] mesh='Reachers28' fps=15 frames=58 morph=True flags=0x00000014
[DEBUG_FRAMES] mesh='Reachers29' fps=15 frames=58 morph=True flags=0x00000014
[DEBUG_FRAMES] mesh='Reachers30' fps=15 frames=58 morph=True flags=0x00000014
[DEBUG_FRAMES] mesh='Reachers31' fps=15 frames=58 morph=True flags=0x00000014
[DEBUG_FRAMES] mesh='Reachers32' fps=15 frames=58 morph=True flags=0x00000014
[DEBUG_FRAMES] mesh='Reachers33' fps=15 frames=58 morph=True flags=0x00000014
[DEBUG_FRAMES] mesh='ShuttleBlastHole01' fps=15 frames=82 morph=False flags=0x00000000
[DEBUG_FRAMES] mesh='ShuttleBlastHole02' fps=15 frames=50 morph=False flags=0x00000000
[DEBUG_FRAMES] mesh='ShuttleBlastHole02' fps=15 frames=20 morph=False flags=0x00000000
[DEBUG_FRAMES] mesh='ShuttleStripe' fps=15 frames=272 morph=False flags=0x00000000
[DEBUG_FRAMES] mesh='ShuttleThruster' fps=15 frames=272 morph=False flags=0x00000000
[DEBUG_FRAMES] mesh='Shuttletop' fps=15 frames=272 morph=False flags=0x00000000
[DEBUG_FRAMES] mesh='ShuttleWings' fps=15 frames=272 morph=False flags=0x00000000
[DEBUG_FRAMES] mesh='SpaceStation-Pod01' fps=15 frames=270 morph=False flags=0x00000000
[DEBUG_FRAMES] mesh='SpaceStation-Pod02' fps=15 frames=270 morph=False flags=0x00000000
Wrote: C:\Users\Romek\OneDrive\Desktop\vfx2obj_build\dist\vfx\Cutscene09_fx.gltf
Wrote: C:\Users\Romek\OneDrive\Desktop\vfx2obj_build\dist\vfx\Cutscene09_fx.bin
Done. (Converter writes next to input; we will wire --out next.)
