Running: C:\Users\Romek\OneDrive\Desktop\vfx2obj_build\dist\vfx2obj.exe 
--debug-frames --gltf 
C:\Users\Romek\OneDrive\Desktop\vfx2obj_build\vfxstudio\samples\Cutscene08_fx.v
fx
[DEBUG_FRAMES] mesh='Mesh03' fps=8 frames=70 morph=True flags=0x00000004
[DEBUG_FRAMES] mesh='Plane03' fps=8 frames=70 morph=True flags=0x00000015
[DEBUG_FRAMES] mesh='Plane05' fps=8 frames=70 morph=True flags=0x00000015
[DEBUG_FRAMES] mesh='Plane07' fps=8 frames=70 morph=True flags=0x00000015
[DEBUG_FRAMES] mesh='Plane09' fps=8 frames=70 morph=True flags=0x00000015
[DEBUG_FRAMES] mesh='Plane12' fps=8 frames=70 morph=True flags=0x00000015
[DEBUG_FRAMES] mesh='Plane13' fps=8 frames=70 morph=True flags=0x00000015
[DEBUG_FRAMES] mesh='Plane14' fps=8 frames=70 morph=True flags=0x00000015
[DEBUG_FRAMES] mesh='Plane15' fps=8 frames=70 morph=True flags=0x00000015
[DEBUG_FRAMES] mesh='Plane16' fps=8 frames=70 morph=True flags=0x00000015
[DEBUG_FRAMES] mesh='Plane17' fps=8 frames=70 morph=True flags=0x00000015
[DEBUG_FRAMES] mesh='Object01' fps=8 frames=70 morph=True flags=0x00000014
[DEBUG_FRAMES] mesh='Plane18' fps=8 frames=70 morph=True flags=0x00000015
[DEBUG_FRAMES] mesh='Plane19' fps=8 frames=70 morph=True flags=0x00000015
[DEBUG_FRAMES] mesh='Plane20' fps=8 frames=70 morph=True flags=0x00000015
Wrote: C:\Users\Romek\OneDrive\Desktop\vfx2obj_build\vfxstudio\samples\Cutscene08_fx.gltf
Wrote: C:\Users\Romek\OneDrive\Desktop\vfx2obj_build\vfxstudio\samples\Cutscene08_fx.bin
Done. (Converter writes next to input; we will wire --out next.)

