21:59:17 | INFO: Data are loaded, start creating Blender stuff
21:59:17 | INFO: Blender create Mesh node BlastHole01
Blender 4.4.0 (hash 05377985c527 built 2025-03-18 03:22:03)
Error: Cannot read 'C:\Users\Romek\OneDrive\Desktop\vfx2obj_build\out\gltf\Cutscene09_fx\BlastHole.tga': No such file or directory
21:59:17 | ERROR: Missing image file (index 0): C:\Users\Romek\OneDrive\Desktop\vfx2obj_build\out\gltf\Cutscene09_fx\BlastHole.tga
21:59:17 | INFO: Blender create Mesh node BlastHole02
21:59:17 | INFO: Blender create Mesh node BlastHole03
21:59:17 | INFO: Blender create Mesh node BlastHole04
21:59:17 | INFO: Blender create Mesh node BlastHole05
21:59:17 | INFO: Blender create Mesh node BlastHole06
21:59:17 | INFO: Blender create Mesh node BlastHole07
21:59:17 | INFO: Blender create Mesh node BlastHole08
21:59:17 | INFO: Blender create Mesh node BlastHole09
21:59:17 | INFO: Blender create Mesh node BlastHole10
21:59:17 | INFO: Blender create Mesh node Box01
21:59:17 | INFO: Blender create Mesh node Cylinder01
21:59:17 | INFO: Blender create Mesh node Cylinder03
21:59:17 | INFO: Blender create Mesh node Cylinder04
21:59:17 | INFO: Blender create Mesh node EscapePod01
21:59:17 | INFO: Blender create Mesh node Explosion01-A
21:59:17 | INFO: Blender create Mesh node Explosion01-A01
21:59:17 | INFO: Blender create Mesh node Explosion01-B
21:59:17 | INFO: Blender create Mesh node Explosion01-B01
21:59:17 | INFO: Blender create Mesh node Explosion02-A
21:59:17 | INFO: Blender create Mesh node Explosion02-B
21:59:17 | INFO: Blender create Mesh node Explosion02-B01
21:59:17 | INFO: Blender create Mesh node Explosion02-B02
21:59:17 | INFO: Blender create Mesh node Explosion03-A
21:59:17 | INFO: Blender create Mesh node Explosion03-A01
21:59:17 | INFO: Blender create Mesh node Explosion04-A
21:59:17 | INFO: Blender create Mesh node Explosion04-A01
21:59:17 | INFO: Blender create Mesh node Explosion04-B
21:59:17 | INFO: Blender create Mesh node Explosion04-B01
21:59:17 | INFO: Blender create Mesh node Explosion06_A
21:59:17 | INFO: Blender create Mesh node Explosion06_A01
21:59:17 | INFO: Blender create Mesh node Explosion06_A02
21:59:17 | INFO: Blender create Mesh node Explosion06_A03
21:59:17 | INFO: Blender create Mesh node Explosion06_A04
21:59:17 | INFO: Blender create Mesh node Explosion06_A05
21:59:17 | INFO: Blender create Mesh node Explosion06_A06
21:59:17 | INFO: Blender create Mesh node Explosion06_A06
21:59:17 | INFO: Blender create Mesh node Explosion06_A07
21:59:17 | INFO: Blender create Mesh node Explosion06_A07
21:59:17 | INFO: Blender create Mesh node Mesh01
21:59:17 | INFO: Blender create Mesh node Object01
21:59:17 | INFO: Blender create Mesh node Object02
21:59:17 | INFO: Blender create Mesh node Object03
21:59:17 | INFO: Blender create Mesh node Object04
21:59:17 | INFO: Blender create Mesh node Object05
21:59:17 | INFO: Blender create Mesh node Object06
21:59:17 | INFO: Blender create Mesh node Object13
21:59:17 | INFO: Blender create Mesh node Object14
21:59:17 | INFO: Blender create Mesh node Object15
21:59:17 | INFO: Blender create Mesh node Object16
21:59:17 | INFO: Blender create Mesh node Object17
21:59:17 | INFO: Blender create Mesh node Object18
21:59:17 | INFO: Blender create Mesh node Object19
21:59:17 | INFO: Blender create Mesh node Object20
21:59:17 | INFO: Blender create Mesh node Object21
21:59:17 | INFO: Blender create Mesh node Object22
21:59:17 | INFO: Blender create Mesh node Object23
21:59:17 | INFO: Blender create Mesh node Object24
21:59:17 | INFO: Blender create Mesh node Object25
21:59:17 | INFO: Blender create Mesh node Object26
21:59:17 | INFO: Blender create Mesh node Plane01
21:59:17 | INFO: Blender create Mesh node Plane02
21:59:17 | INFO: Blender create Mesh node Plane03
21:59:17 | INFO: Blender create Mesh node Plane04
21:59:17 | INFO: Blender create Mesh node Plane05
21:59:17 | INFO: Blender create Mesh node Plane06
21:59:17 | INFO: Blender create Mesh node Plane07
21:59:17 | INFO: Blender create Mesh node Plane08
21:59:17 | INFO: Blender create Mesh node Plane09
21:59:17 | INFO: Blender create Mesh node Plane10
21:59:17 | INFO: Blender create Mesh node Plane11
21:59:17 | INFO: Blender create Mesh node Plane12
21:59:17 | INFO: Blender create Mesh node Plane13
21:59:17 | INFO: Blender create Mesh node Plane14
21:59:17 | INFO: Blender create Mesh node Plane15
21:59:17 | INFO: Blender create Mesh node Plane16
21:59:17 | INFO: Blender create Mesh node Plane17
21:59:17 | INFO: Blender create Mesh node Plane18
21:59:17 | INFO: Blender create Mesh node Plane19
21:59:17 | INFO: Blender create Mesh node Plane20
21:59:17 | INFO: Blender create Mesh node Plane21
21:59:17 | INFO: Blender create Mesh node Plane22
21:59:17 | INFO: Blender create Mesh node Plane23
21:59:17 | INFO: Blender create Mesh node Plane24
21:59:17 | INFO: Blender create Mesh node Plane25
21:59:17 | INFO: Blender create Mesh node Plane26
21:59:17 | INFO: Blender create Mesh node Plane27
21:59:17 | INFO: Blender create Mesh node Plane28
21:59:17 | INFO: Blender create Mesh node Plane29
21:59:17 | INFO: Blender create Mesh node Plane30
21:59:17 | INFO: Blender create Mesh node Plane31
21:59:17 | INFO: Blender create Mesh node Plane36
21:59:17 | INFO: Blender create Mesh node Plane37
21:59:17 | INFO: Blender create Mesh node Plane38
21:59:17 | INFO: Blender create Mesh node Plane39
21:59:17 | INFO: Blender create Mesh node Plane40
21:59:17 | INFO: Blender create Mesh node Plane41
21:59:17 | INFO: Blender create Mesh node Plane42
21:59:17 | INFO: Blender create Mesh node Plane43
21:59:17 | INFO: Blender create Mesh node Plane44
21:59:17 | INFO: Blender create Mesh node Plane45
21:59:17 | INFO: Blender create Mesh node Plane46
21:59:17 | INFO: Blender create Mesh node Plane47
21:59:17 | INFO: Blender create Mesh node Plane48
21:59:17 | INFO: Blender create Mesh node Plane49
21:59:17 | INFO: Blender create Mesh node Plane50
21:59:17 | INFO: Blender create Mesh node Plane51
21:59:17 | INFO: Blender create Mesh node Plane52
21:59:17 | INFO: Blender create Mesh node Plane53
21:59:17 | INFO: Blender create Mesh node Plane54
21:59:17 | INFO: Blender create Mesh node Plane55
21:59:17 | INFO: Blender create Mesh node Plane56
21:59:17 | INFO: Blender create Mesh node Plane57
21:59:17 | INFO: Blender create Mesh node Plane58
21:59:17 | INFO: Blender create Mesh node Plane59
21:59:17 | INFO: Blender create Mesh node Plane60
21:59:17 | INFO: Blender create Mesh node Plane61
21:59:17 | INFO: Blender create Mesh node Plane62
21:59:17 | INFO: Blender create Mesh node Plane63
21:59:17 | INFO: Blender create Mesh node Plane64
21:59:17 | INFO: Blender create Mesh node Plane65
21:59:17 | INFO: Blender create Mesh node Plane66
21:59:17 | INFO: Blender create Mesh node Plane71
21:59:17 | INFO: Blender create Mesh node Plane72
21:59:17 | INFO: Blender create Mesh node Plane73
21:59:17 | INFO: Blender create Mesh node Plane74
21:59:17 | INFO: Blender create Mesh node Plane75
21:59:17 | INFO: Blender create Mesh node Plane76
21:59:17 | INFO: Blender create Mesh node Plane77
21:59:17 | INFO: Blender create Mesh node Plane78
21:59:17 | INFO: Blender create Mesh node Plane79
21:59:17 | INFO: Blender create Mesh node Plane80
21:59:17 | INFO: Blender create Mesh node Plane81
21:59:17 | INFO: Blender create Mesh node Plane82
21:59:17 | INFO: Blender create Mesh node Plane83
21:59:17 | INFO: Blender create Mesh node Plane84
21:59:17 | INFO: Blender create Mesh node Plane85
21:59:17 | INFO: Blender create Mesh node Plane86
21:59:17 | INFO: Blender create Mesh node Plane87
21:59:17 | INFO: Blender create Mesh node Plane88
21:59:17 | INFO: Blender create Mesh node Plane89
21:59:17 | INFO: Blender create Mesh node Plane90
21:59:17 | INFO: Blender create Mesh node Plane91
21:59:17 | INFO: Blender create Mesh node Plane92
21:59:17 | INFO: Blender create Mesh node Plane93
21:59:17 | INFO: Blender create Mesh node Plane94
21:59:17 | INFO: Blender create Mesh node Plane95
21:59:17 | INFO: Blender create Mesh node Plane96
21:59:17 | INFO: Blender create Mesh node Plane97
21:59:17 | INFO: Blender create Mesh node Plane98
21:59:17 | INFO: Blender create Mesh node Plane99
21:59:17 | INFO: Blender create Mesh node Plane100
21:59:17 | INFO: Blender create Mesh node Plane101
21:59:17 | INFO: Blender create Mesh node Plane102
21:59:17 | INFO: Blender create Mesh node Plane103
21:59:17 | INFO: Blender create Mesh node Plane104
21:59:17 | INFO: Blender create Mesh node Plane105
21:59:17 | INFO: Blender create Mesh node Plane106
21:59:17 | INFO: Blender create Mesh node Plane107
21:59:17 | INFO: Blender create Mesh node Plane108
21:59:17 | INFO: Blender create Mesh node Plane109
21:59:17 | INFO: Blender create Mesh node Plane110
21:59:17 | INFO: Blender create Mesh node Plane111
21:59:17 | INFO: Blender create Mesh node Plane112
21:59:17 | INFO: Blender create Mesh node Plane113
21:59:17 | INFO: Blender create Mesh node Plane114
21:59:17 | INFO: Blender create Mesh node Plane115
21:59:17 | INFO: Blender create Mesh node Plane116
21:59:17 | INFO: Blender create Mesh node Plane117
21:59:17 | INFO: Blender create Mesh node Plane118
21:59:17 | INFO: Blender create Mesh node Plane119
21:59:17 | INFO: Blender create Mesh node Plane122
21:59:17 | INFO: Blender create Mesh node Plane123
21:59:17 | INFO: Blender create Mesh node Plane124
21:59:17 | INFO: Blender create Mesh node Reachers04
21:59:17 | INFO: Blender create Mesh node Reachers05
21:59:17 | INFO: Blender create Mesh node Reachers06
21:59:17 | INFO: Blender create Mesh node Reachers07
21:59:17 | INFO: Blender create Mesh node Reachers08
21:59:17 | INFO: Blender create Mesh node Reachers09
21:59:17 | INFO: Blender create Mesh node Reachers10
21:59:17 | INFO: Blender create Mesh node Reachers11
21:59:17 | INFO: Blender create Mesh node Reachers12
21:59:17 | INFO: Blender create Mesh node Reachers13
21:59:17 | INFO: Blender create Mesh node Reachers14
21:59:17 | INFO: Blender create Mesh node Reachers15
21:59:17 | INFO: Blender create Mesh node Reachers16
21:59:17 | INFO: Blender create Mesh node Reachers17
21:59:17 | INFO: Blender create Mesh node Reachers18
21:59:17 | INFO: Blender create Mesh node Reachers19
21:59:17 | INFO: Blender create Mesh node Reachers20
21:59:17 | INFO: Blender create Mesh node Reachers21
21:59:17 | INFO: Blender create Mesh node Reachers22
21:59:17 | INFO: Blender create Mesh node Reachers23
21:59:17 | INFO: Blender create Mesh node Reachers24
21:59:17 | INFO: Blender create Mesh node Reachers25
21:59:17 | INFO: Blender create Mesh node Reachers26
21:59:17 | INFO: Blender create Mesh node Reachers27
21:59:17 | INFO: Blender create Mesh node Reachers28
21:59:17 | INFO: Blender create Mesh node Reachers29
21:59:17 | INFO: Blender create Mesh node Reachers30
21:59:17 | INFO: Blender create Mesh node Reachers31
21:59:17 | INFO: Blender create Mesh node Reachers32
21:59:17 | INFO: Blender create Mesh node Reachers33
21:59:17 | INFO: Blender create Mesh node ShuttleBlastHole01
21:59:17 | INFO: Blender create Mesh node ShuttleBlastHole02
21:59:17 | INFO: Blender create Mesh node ShuttleBlastHole02
21:59:17 | INFO: Blender create Mesh node ShuttleStripe
21:59:17 | INFO: Blender create Mesh node ShuttleThruster
21:59:17 | INFO: Blender create Mesh node Shuttletop
21:59:17 | INFO: Blender create Mesh node ShuttleWings
21:59:17 | INFO: Blender create Mesh node SpaceStation-Pod01
21:59:17 | INFO: Blender create Mesh node SpaceStation-Pod02
21:59:17 | INFO: glTF import finished in 0.11s
INFO Draco mesh compression is available, use library at C:\Program Files\Blender Foundation\Blender 4.4\4.4\scripts\addons_core\io_scene_gltf2\extern_draco.dll
21:59:17 | INFO: Starting glTF 2.0 export
21:59:17 | INFO: Extracting primitive: BlastHole01
21:59:17 | INFO: Primitives created: 1
21:59:17 | INFO: Extracting primitive: BlastHole02
21:59:17 | INFO: Primitives created: 1
21:59:17 | INFO: Extracting primitive: BlastHole03
21:59:17 | INFO: Primitives created: 1
21:59:17 | INFO: Extracting primitive: BlastHole04
21:59:17 | INFO: Primitives created: 1
21:59:17 | INFO: Extracting primitive: BlastHole05
21:59:17 | INFO: Primitives created: 1
21:59:17 | INFO: Extracting primitive: BlastHole06
21:59:17 | INFO: Primitives created: 1
21:59:17 | INFO: Extracting primitive: BlastHole07
21:59:17 | INFO: Primitives created: 1
21:59:17 | INFO: Extracting primitive: BlastHole08
21:59:17 | INFO: Primitives created: 1
21:59:17 | INFO: Extracting primitive: BlastHole09
21:59:17 | INFO: Primitives created: 1
21:59:17 | INFO: Extracting primitive: BlastHole10
21:59:17 | INFO: Primitives created: 1
21:59:17 | INFO: Extracting primitive: Box01
21:59:17 | INFO: Primitives created: 1
21:59:17 | INFO: Extracting primitive: Cylinder01
21:59:17 | INFO: Primitives created: 1
21:59:17 | INFO: Extracting primitive: Cylinder03
21:59:17 | INFO: Primitives created: 3
21:59:17 | INFO: Extracting primitive: Cylinder04
21:59:17 | INFO: Primitives created: 3
21:59:17 | INFO: Extracting primitive: EscapePod01
21:59:17 | INFO: Primitives created: 5
21:59:17 | INFO: Extracting primitive: Explosion01-A
21:59:17 | INFO: Primitives created: 1
21:59:17 | INFO: Extracting primitive: Explosion01-A01
21:59:17 | INFO: Primitives created: 1
21:59:17 | INFO: Extracting primitive: Explosion01-B
21:59:17 | INFO: Primitives created: 1
21:59:17 | INFO: Extracting primitive: Explosion01-B01
21:59:17 | INFO: Primitives created: 1
21:59:17 | INFO: Extracting primitive: Explosion02-A
21:59:17 | INFO: Primitives created: 1
21:59:17 | INFO: Extracting primitive: Explosion02-B
21:59:17 | INFO: Primitives created: 1
21:59:17 | INFO: Extracting primitive: Explosion02-B01
21:59:17 | INFO: Primitives created: 1
21:59:17 | INFO: Extracting primitive: Explosion02-B02
21:59:17 | INFO: Primitives created: 1
21:59:17 | INFO: Extracting primitive: Explosion03-A
21:59:17 | INFO: Primitives created: 1
21:59:17 | INFO: Extracting primitive: Explosion03-A01
21:59:17 | INFO: Primitives created: 1
21:59:17 | INFO: Extracting primitive: Explosion04-A
21:59:17 | INFO: Primitives created: 1
21:59:17 | INFO: Extracting primitive: Explosion04-A01
21:59:17 | INFO: Primitives created: 1
21:59:17 | INFO: Extracting primitive: Explosion04-B
21:59:17 | INFO: Primitives created: 1
21:59:17 | INFO: Extracting primitive: Explosion04-B01
21:59:17 | INFO: Primitives created: 1
21:59:17 | INFO: Extracting primitive: Explosion06_A
21:59:17 | INFO: Primitives created: 1
21:59:17 | INFO: Extracting primitive: Explosion06_A01
21:59:17 | INFO: Primitives created: 1
21:59:17 | INFO: Extracting primitive: Explosion06_A02
21:59:17 | INFO: Primitives created: 1
21:59:17 | INFO: Extracting primitive: Explosion06_A03
21:59:17 | INFO: Primitives created: 1
21:59:17 | INFO: Extracting primitive: Explosion06_A04
21:59:17 | INFO: Primitives created: 1
21:59:17 | INFO: Extracting primitive: Explosion06_A05
21:59:17 | INFO: Primitives created: 1
21:59:17 | INFO: Extracting primitive: Explosion06_A06
21:59:17 | INFO: Primitives created: 1
21:59:17 | INFO: Extracting primitive: Explosion06_A06.001
21:59:17 | INFO: Primitives created: 1
21:59:17 | INFO: Extracting primitive: Explosion06_A07
21:59:17 | INFO: Primitives created: 1
21:59:17 | INFO: Extracting primitive: Explosion06_A07.001
21:59:17 | INFO: Primitives created: 1
21:59:17 | INFO: Extracting primitive: Mesh01
21:59:17 | INFO: Primitives created: 1
21:59:17 | INFO: Extracting primitive: Object01
21:59:17 | INFO: Primitives created: 1
21:59:17 | INFO: Extracting primitive: Object02
21:59:17 | INFO: Primitives created: 1
21:59:17 | INFO: Extracting primitive: Object03
21:59:17 | INFO: Primitives created: 1
21:59:17 | INFO: Extracting primitive: Object04
21:59:17 | INFO: Primitives created: 1
21:59:17 | INFO: Extracting primitive: Object05
21:59:17 | INFO: Primitives created: 1
21:59:17 | INFO: Extracting primitive: Object06
21:59:17 | INFO: Primitives created: 1
21:59:17 | INFO: Extracting primitive: Object13
21:59:17 | INFO: Primitives created: 1
21:59:17 | INFO: Extracting primitive: Object14
21:59:17 | INFO: Primitives created: 1
21:59:17 | INFO: Extracting primitive: Object15
21:59:17 | INFO: Primitives created: 1
21:59:17 | INFO: Extracting primitive: Object16
21:59:17 | INFO: Primitives created: 1
21:59:17 | INFO: Extracting primitive: Object17
21:59:17 | INFO: Primitives created: 1
21:59:17 | INFO: Extracting primitive: Object18
21:59:17 | INFO: Primitives created: 1
21:59:17 | INFO: Extracting primitive: Object19
21:59:17 | INFO: Primitives created: 1
21:59:17 | INFO: Extracting primitive: Object20
21:59:17 | INFO: Primitives created: 1
21:59:17 | INFO: Extracting primitive: Object21
21:59:17 | INFO: Primitives created: 1
21:59:17 | INFO: Extracting primitive: Object22
21:59:17 | INFO: Primitives created: 1
21:59:17 | INFO: Extracting primitive: Object23
21:59:17 | INFO: Primitives created: 1
21:59:17 | INFO: Extracting primitive: Object24
21:59:17 | INFO: Primitives created: 1
21:59:17 | INFO: Extracting primitive: Object25
21:59:17 | INFO: Primitives created: 1
21:59:17 | INFO: Extracting primitive: Object26
21:59:17 | INFO: Primitives created: 1
21:59:17 | INFO: Extracting primitive: Plane01
21:59:17 | INFO: Primitives created: 1
21:59:17 | INFO: Extracting primitive: Plane02
21:59:17 | INFO: Primitives created: 1
21:59:17 | INFO: Extracting primitive: Plane03
21:59:17 | INFO: Primitives created: 1
21:59:17 | INFO: Extracting primitive: Plane04
21:59:17 | INFO: Primitives created: 1
21:59:17 | INFO: Extracting primitive: Plane05
21:59:17 | INFO: Primitives created: 1
21:59:17 | INFO: Extracting primitive: Plane06
21:59:17 | INFO: Primitives created: 1
21:59:17 | INFO: Extracting primitive: Plane07
21:59:17 | INFO: Primitives created: 1
21:59:17 | INFO: Extracting primitive: Plane08
21:59:17 | INFO: Primitives created: 1
21:59:17 | INFO: Extracting primitive: Plane09
21:59:17 | INFO: Primitives created: 1
21:59:17 | INFO: Extracting primitive: Plane10
21:59:17 | INFO: Primitives created: 1
21:59:17 | INFO: Extracting primitive: Plane11
21:59:17 | INFO: Primitives created: 1
21:59:17 | INFO: Extracting primitive: Plane12
21:59:17 | INFO: Primitives created: 1
21:59:17 | INFO: Extracting primitive: Plane13
21:59:17 | INFO: Primitives created: 1
21:59:17 | INFO: Extracting primitive: Plane14
21:59:17 | INFO: Primitives created: 1
21:59:17 | INFO: Extracting primitive: Plane15
21:59:17 | INFO: Primitives created: 1
21:59:17 | INFO: Extracting primitive: Plane16
21:59:17 | INFO: Primitives created: 1
21:59:17 | INFO: Extracting primitive: Plane17
21:59:17 | INFO: Primitives created: 1
21:59:17 | INFO: Extracting primitive: Plane18
21:59:17 | INFO: Primitives created: 1
21:59:17 | INFO: Extracting primitive: Plane19
21:59:17 | INFO: Primitives created: 1
21:59:17 | INFO: Extracting primitive: Plane20
21:59:17 | INFO: Primitives created: 1
21:59:17 | INFO: Extracting primitive: Plane21
21:59:17 | INFO: Primitives created: 1
21:59:17 | INFO: Extracting primitive: Plane22
21:59:17 | INFO: Primitives created: 1
21:59:17 | INFO: Extracting primitive: Plane23
21:59:17 | INFO: Primitives created: 1
21:59:17 | INFO: Extracting primitive: Plane24
21:59:17 | INFO: Primitives created: 1
21:59:17 | INFO: Extracting primitive: Plane25
21:59:17 | INFO: Primitives created: 1
21:59:17 | INFO: Extracting primitive: Plane26
21:59:17 | INFO: Primitives created: 1
21:59:17 | INFO: Extracting primitive: Plane27
21:59:17 | INFO: Primitives created: 1
21:59:17 | INFO: Extracting primitive: Plane28
21:59:17 | INFO: Primitives created: 1
21:59:17 | INFO: Extracting primitive: Plane29
21:59:17 | INFO: Primitives created: 1
21:59:17 | INFO: Extracting primitive: Plane30
21:59:17 | INFO: Primitives created: 1
21:59:17 | INFO: Extracting primitive: Plane31
21:59:17 | INFO: Primitives created: 1
21:59:17 | INFO: Extracting primitive: Plane36
21:59:17 | INFO: Primitives created: 1
21:59:17 | INFO: Extracting primitive: Plane37
21:59:17 | INFO: Primitives created: 1
21:59:17 | INFO: Extracting primitive: Plane38
21:59:17 | INFO: Primitives created: 1
21:59:17 | INFO: Extracting primitive: Plane39
21:59:17 | INFO: Primitives created: 1
21:59:17 | INFO: Extracting primitive: Plane40
21:59:17 | INFO: Primitives created: 1
21:59:17 | INFO: Extracting primitive: Plane41
21:59:17 | INFO: Primitives created: 1
21:59:17 | INFO: Extracting primitive: Plane42
21:59:17 | INFO: Primitives created: 1
21:59:17 | INFO: Extracting primitive: Plane43
21:59:17 | INFO: Primitives created: 1
21:59:17 | INFO: Extracting primitive: Plane44
21:59:17 | INFO: Primitives created: 1
21:59:17 | INFO: Extracting primitive: Plane45
21:59:17 | INFO: Primitives created: 1
21:59:17 | INFO: Extracting primitive: Plane46
21:59:17 | INFO: Primitives created: 1
21:59:17 | INFO: Extracting primitive: Plane47
21:59:17 | INFO: Primitives created: 1
21:59:17 | INFO: Extracting primitive: Plane48
21:59:17 | INFO: Primitives created: 1
21:59:17 | INFO: Extracting primitive: Plane49
21:59:18 | INFO: Primitives created: 1
21:59:18 | INFO: Extracting primitive: Plane50
21:59:18 | INFO: Primitives created: 1
21:59:18 | INFO: Extracting primitive: Plane51
21:59:18 | INFO: Primitives created: 1
21:59:18 | INFO: Extracting primitive: Plane52
21:59:18 | INFO: Primitives created: 1
21:59:18 | INFO: Extracting primitive: Plane53
21:59:18 | INFO: Primitives created: 1
21:59:18 | INFO: Extracting primitive: Plane54
21:59:18 | INFO: Primitives created: 1
21:59:18 | INFO: Extracting primitive: Plane55
21:59:18 | INFO: Primitives created: 1
21:59:18 | INFO: Extracting primitive: Plane56
21:59:18 | INFO: Primitives created: 1
21:59:18 | INFO: Extracting primitive: Plane57
21:59:18 | INFO: Primitives created: 1
21:59:18 | INFO: Extracting primitive: Plane58
21:59:18 | INFO: Primitives created: 1
21:59:18 | INFO: Extracting primitive: Plane59
21:59:18 | INFO: Primitives created: 1
21:59:18 | INFO: Extracting primitive: Plane60
21:59:18 | INFO: Primitives created: 1
21:59:18 | INFO: Extracting primitive: Plane61
21:59:18 | INFO: Primitives created: 1
21:59:18 | INFO: Extracting primitive: Plane62
21:59:18 | INFO: Primitives created: 1
21:59:18 | INFO: Extracting primitive: Plane63
21:59:18 | INFO: Primitives created: 1
21:59:18 | INFO: Extracting primitive: Plane64
21:59:18 | INFO: Primitives created: 1
21:59:18 | INFO: Extracting primitive: Plane65
21:59:18 | INFO: Primitives created: 1
21:59:18 | INFO: Extracting primitive: Plane66
21:59:18 | INFO: Primitives created: 1
21:59:18 | INFO: Extracting primitive: Plane71
21:59:18 | INFO: Primitives created: 1
21:59:18 | INFO: Extracting primitive: Plane72
21:59:18 | INFO: Primitives created: 1
21:59:18 | INFO: Extracting primitive: Plane73
21:59:18 | INFO: Primitives created: 1
21:59:18 | INFO: Extracting primitive: Plane74
21:59:18 | INFO: Primitives created: 1
21:59:18 | INFO: Extracting primitive: Plane75
21:59:18 | INFO: Primitives created: 1
21:59:18 | INFO: Extracting primitive: Plane76
21:59:18 | INFO: Primitives created: 1
21:59:18 | INFO: Extracting primitive: Plane77
21:59:18 | INFO: Primitives created: 1
21:59:18 | INFO: Extracting primitive: Plane78
21:59:18 | INFO: Primitives created: 1
21:59:18 | INFO: Extracting primitive: Plane79
21:59:18 | INFO: Primitives created: 1
21:59:18 | INFO: Extracting primitive: Plane80
21:59:18 | INFO: Primitives created: 1
21:59:18 | INFO: Extracting primitive: Plane81
21:59:18 | INFO: Primitives created: 1
21:59:18 | INFO: Extracting primitive: Plane82
21:59:18 | INFO: Primitives created: 1
21:59:18 | INFO: Extracting primitive: Plane83
21:59:18 | INFO: Primitives created: 1
21:59:18 | INFO: Extracting primitive: Plane84
21:59:18 | INFO: Primitives created: 1
21:59:18 | INFO: Extracting primitive: Plane85
21:59:18 | INFO: Primitives created: 1
21:59:18 | INFO: Extracting primitive: Plane86
21:59:18 | INFO: Primitives created: 1
21:59:18 | INFO: Extracting primitive: Plane87
21:59:18 | INFO: Primitives created: 1
21:59:18 | INFO: Extracting primitive: Plane88
21:59:18 | INFO: Primitives created: 1
21:59:18 | INFO: Extracting primitive: Plane89
21:59:18 | INFO: Primitives created: 1
21:59:18 | INFO: Extracting primitive: Plane90
21:59:18 | INFO: Primitives created: 1
21:59:18 | INFO: Extracting primitive: Plane91
21:59:18 | INFO: Primitives created: 1
21:59:18 | INFO: Extracting primitive: Plane92
21:59:18 | INFO: Primitives created: 1
21:59:18 | INFO: Extracting primitive: Plane93
21:59:18 | INFO: Primitives created: 1
21:59:18 | INFO: Extracting primitive: Plane94
21:59:18 | INFO: Primitives created: 1
21:59:18 | INFO: Extracting primitive: Plane95
21:59:18 | INFO: Primitives created: 1
21:59:18 | INFO: Extracting primitive: Plane96
21:59:18 | INFO: Primitives created: 1
21:59:18 | INFO: Extracting primitive: Plane97
21:59:18 | INFO: Primitives created: 1
21:59:18 | INFO: Extracting primitive: Plane98
21:59:18 | INFO: Primitives created: 1
21:59:18 | INFO: Extracting primitive: Plane99
21:59:18 | INFO: Primitives created: 1
21:59:18 | INFO: Extracting primitive: Plane100
21:59:18 | INFO: Primitives created: 1
21:59:18 | INFO: Extracting primitive: Plane101
21:59:18 | INFO: Primitives created: 1
21:59:18 | INFO: Extracting primitive: Plane102
21:59:18 | INFO: Primitives created: 1
21:59:18 | INFO: Extracting primitive: Plane103
21:59:18 | INFO: Primitives created: 1
21:59:18 | INFO: Extracting primitive: Plane104
21:59:18 | INFO: Primitives created: 1
21:59:18 | INFO: Extracting primitive: Plane105
21:59:18 | INFO: Primitives created: 1
21:59:18 | INFO: Extracting primitive: Plane106
21:59:18 | INFO: Primitives created: 1
21:59:18 | INFO: Extracting primitive: Plane107
21:59:18 | INFO: Primitives created: 1
21:59:18 | INFO: Extracting primitive: Plane108
21:59:18 | INFO: Primitives created: 1
21:59:18 | INFO: Extracting primitive: Plane109
21:59:18 | INFO: Primitives created: 1
21:59:18 | INFO: Extracting primitive: Plane110
21:59:18 | INFO: Primitives created: 1
21:59:18 | INFO: Extracting primitive: Plane111
21:59:18 | INFO: Primitives created: 1
21:59:18 | INFO: Extracting primitive: Plane112
21:59:18 | INFO: Primitives created: 1
21:59:18 | INFO: Extracting primitive: Plane113
21:59:18 | INFO: Primitives created: 1
21:59:18 | INFO: Extracting primitive: Plane114
21:59:18 | INFO: Primitives created: 1
21:59:18 | INFO: Extracting primitive: Plane115
21:59:18 | INFO: Primitives created: 1
21:59:18 | INFO: Extracting primitive: Plane116
21:59:18 | INFO: Primitives created: 1
21:59:18 | INFO: Extracting primitive: Plane117
21:59:18 | INFO: Primitives created: 1
21:59:18 | INFO: Extracting primitive: Plane118
21:59:18 | INFO: Primitives created: 1
21:59:18 | INFO: Extracting primitive: Plane119
21:59:18 | INFO: Primitives created: 1
21:59:18 | INFO: Extracting primitive: Plane122
21:59:18 | INFO: Primitives created: 1
21:59:18 | INFO: Extracting primitive: Plane123
21:59:18 | INFO: Primitives created: 1
21:59:18 | INFO: Extracting primitive: Plane124
21:59:18 | INFO: Primitives created: 1
21:59:18 | INFO: Extracting primitive: Reachers04
21:59:18 | INFO: Primitives created: 1
21:59:18 | INFO: Extracting primitive: Reachers05
21:59:18 | INFO: Primitives created: 1
21:59:18 | INFO: Extracting primitive: Reachers06
21:59:18 | INFO: Primitives created: 1
21:59:18 | INFO: Extracting primitive: Reachers07
21:59:18 | INFO: Primitives created: 1
21:59:18 | INFO: Extracting primitive: Reachers08
21:59:18 | INFO: Primitives created: 1
21:59:18 | INFO: Extracting primitive: Reachers09
21:59:18 | INFO: Primitives created: 1
21:59:18 | INFO: Extracting primitive: Reachers10
21:59:18 | INFO: Primitives created: 1
21:59:18 | INFO: Extracting primitive: Reachers11
21:59:18 | INFO: Primitives created: 1
21:59:18 | INFO: Extracting primitive: Reachers12
21:59:18 | INFO: Primitives created: 1
21:59:18 | INFO: Extracting primitive: Reachers13
21:59:18 | INFO: Primitives created: 1
21:59:18 | INFO: Extracting primitive: Reachers14
21:59:18 | INFO: Primitives created: 1
21:59:18 | INFO: Extracting primitive: Reachers15
21:59:18 | INFO: Primitives created: 1
21:59:18 | INFO: Extracting primitive: Reachers16
21:59:18 | INFO: Primitives created: 1
21:59:18 | INFO: Extracting primitive: Reachers17
21:59:18 | INFO: Primitives created: 1
21:59:18 | INFO: Extracting primitive: Reachers18
21:59:18 | INFO: Primitives created: 1
21:59:18 | INFO: Extracting primitive: Reachers19
21:59:18 | INFO: Primitives created: 1
21:59:18 | INFO: Extracting primitive: Reachers20
21:59:18 | INFO: Primitives created: 1
21:59:18 | INFO: Extracting primitive: Reachers21
21:59:18 | INFO: Primitives created: 1
21:59:18 | INFO: Extracting primitive: Reachers22
21:59:18 | INFO: Primitives created: 1
21:59:18 | INFO: Extracting primitive: Reachers23
21:59:18 | INFO: Primitives created: 1
21:59:18 | INFO: Extracting primitive: Reachers24
21:59:18 | INFO: Primitives created: 1
21:59:18 | INFO: Extracting primitive: Reachers25
21:59:18 | INFO: Primitives created: 1
21:59:18 | INFO: Extracting primitive: Reachers26
21:59:18 | INFO: Primitives created: 1
21:59:18 | INFO: Extracting primitive: Reachers27
21:59:18 | INFO: Primitives created: 1
21:59:18 | INFO: Extracting primitive: Reachers28
21:59:18 | INFO: Primitives created: 1
21:59:18 | INFO: Extracting primitive: Reachers29
21:59:18 | INFO: Primitives created: 1
21:59:18 | INFO: Extracting primitive: Reachers30
21:59:18 | INFO: Primitives created: 1
21:59:18 | INFO: Extracting primitive: Reachers31
21:59:18 | INFO: Primitives created: 1
21:59:18 | INFO: Extracting primitive: Reachers32
21:59:18 | INFO: Primitives created: 1
21:59:18 | INFO: Extracting primitive: Reachers33
21:59:18 | INFO: Primitives created: 1
21:59:18 | INFO: Extracting primitive: ShuttleBlastHole01
21:59:18 | INFO: Primitives created: 1
21:59:18 | INFO: Extracting primitive: ShuttleBlastHole02
21:59:18 | INFO: Primitives created: 1
21:59:18 | INFO: Extracting primitive: ShuttleBlastHole02.001
21:59:18 | INFO: Primitives created: 1
21:59:18 | INFO: Extracting primitive: ShuttleStripe
21:59:18 | INFO: Primitives created: 1
21:59:18 | INFO: Extracting primitive: ShuttleThruster
21:59:18 | INFO: Primitives created: 1
21:59:18 | INFO: Extracting primitive: Shuttletop
21:59:18 | INFO: Primitives created: 1
21:59:18 | INFO: Extracting primitive: ShuttleWings
21:59:18 | INFO: Primitives created: 1
21:59:18 | INFO: Extracting primitive: SpaceStation-Pod01
21:59:18 | INFO: Primitives created: 1
21:59:18 | INFO: Extracting primitive: SpaceStation-Pod02
21:59:18 | INFO: Primitives created: 1
21:59:18 | INFO: Finished glTF 2.0 export in 0.24751973152160645 s

Wrote: C:\Users\Romek\OneDrive\Desktop\vfx2obj_build\out\gltf\Cutscene09_fx\Cutscene09_fx.glb

Blender quit

