21:59:19 | INFO: Data are loaded, start creating Blender stuff
21:59:19 | INFO: Blender create Mesh node Reachers11
Blender 4.4.0 (hash 05377985c527 built 2025-03-18 03:22:03)
Error: Cannot read 'C:\Users\Romek\OneDrive\Desktop\vfx2obj_build\out\gltf\Explosion_Sub\UwaterEXP_Volume.tga': No such file or directory
21:59:19 | ERROR: Missing image file (index 0): C:\Users\Romek\OneDrive\Desktop\vfx2obj_build\out\gltf\Explosion_Sub\UwaterEXP_Volume.tga
21:59:19 | INFO: Blender create Mesh node Sub_Debris02
Error: Cannot read 'C:\Users\Romek\OneDrive\Desktop\vfx2obj_build\out\gltf\Explosion_Sub\Sub_P04.tga': No such file or directory
21:59:19 | ERROR: Missing image file (index 4): C:\Users\Romek\OneDrive\Desktop\vfx2obj_build\out\gltf\Explosion_Sub\Sub_P04.tga
21:59:19 | INFO: Blender create Mesh node Sub_Debris03
Error: Cannot read 'C:\Users\Romek\OneDrive\Desktop\vfx2obj_build\out\gltf\Explosion_Sub\Sub_P01.tga': No such file or directory
21:59:19 | ERROR: Missing image file (index 1): C:\Users\Romek\OneDrive\Desktop\vfx2obj_build\out\gltf\Explosion_Sub\Sub_P01.tga
Error: Cannot read 'C:\Users\Romek\OneDrive\Desktop\vfx2obj_build\out\gltf\Explosion_Sub\Sub_P03.tga': No such file or directory
21:59:19 | ERROR: Missing image file (index 3): C:\Users\Romek\OneDrive\Desktop\vfx2obj_build\out\gltf\Explosion_Sub\Sub_P03.tga
21:59:19 | INFO: Blender create Mesh node VFX_HeadLight_P01
21:59:19 | INFO: Blender create Mesh node Sub_Debris04
21:59:19 | INFO: Blender create Mesh node Sub_Debris05
21:59:19 | INFO: Blender create Mesh node Sub_Debris06
21:59:19 | INFO: Blender create Mesh node Sub_Debris07
21:59:19 | INFO: Blender create Mesh node VFX_HeadLight_P03
21:59:19 | INFO: Blender create Mesh node Sub_Debris08
21:59:19 | INFO: Blender create Mesh node VFX_HeadLight_P02
21:59:19 | INFO: Blender create Mesh node Sub_Debris09
Error: Cannot read 'C:\Users\Romek\OneDrive\Desktop\vfx2obj_build\out\gltf\Explosion_Sub\Sub_P02.tga': No such file or directory
21:59:19 | ERROR: Missing image file (index 2): C:\Users\Romek\OneDrive\Desktop\vfx2obj_build\out\gltf\Explosion_Sub\Sub_P02.tga
21:59:19 | INFO: Blender create Mesh node Sub_Debris10
21:59:19 | INFO: Blender create Mesh node Sub_Debris11
21:59:19 | INFO: Blender create Mesh node Sub_Debris12
21:59:19 | INFO: Blender create Mesh node Object05
21:59:19 | INFO: Blender create Mesh node Sub_Debris13
21:59:19 | INFO: Blender create Mesh node Sub_Debris14
21:59:19 | INFO: Blender create Mesh node Sub_Debris15
21:59:19 | INFO: Blender create Mesh node Sphere01
21:59:19 | INFO: Blender create Mesh node Reachers04
21:59:19 | INFO: Blender create Mesh node Reachers05
21:59:19 | INFO: Blender create Mesh node Reachers06
21:59:19 | INFO: Blender create Mesh node Reachers07
21:59:19 | INFO: Blender create Mesh node Reachers08
21:59:19 | INFO: Blender create Mesh node Reachers09
21:59:19 | INFO: Blender create Mesh node Reachers10
21:59:19 | INFO: Blender create Mesh node Sub_Debris01
21:59:19 | INFO: Blender create Mesh node Reachers12
21:59:19 | INFO: Blender create Mesh node Reachers13
21:59:19 | INFO: Blender create Mesh node Reachers14
21:59:19 | INFO: Blender create Mesh node Reachers15
21:59:19 | INFO: Blender create Mesh node Reachers16
21:59:19 | INFO: Blender create Mesh node Reachers17
21:59:19 | INFO: Blender create Mesh node Reachers18
21:59:19 | INFO: Blender create Mesh node Reachers19
21:59:19 | INFO: Blender create Mesh node Reachers20
21:59:19 | INFO: Blender create Mesh node Reachers21
21:59:19 | INFO: Blender create Mesh node Reachers22
21:59:19 | INFO: Blender create Mesh node Reachers23
21:59:19 | INFO: Blender create Mesh node Reachers24
21:59:19 | INFO: Blender create Mesh node Reachers25
21:59:19 | INFO: Blender create Mesh node Reachers26
21:59:19 | INFO: Blender create Mesh node Reachers27
21:59:19 | INFO: Blender create Mesh node Reachers28
21:59:19 | INFO: Blender create Mesh node Reachers29
21:59:19 | INFO: Blender create Mesh node Reachers30
21:59:19 | INFO: Blender create Mesh node Reachers31
21:59:19 | INFO: Blender create Mesh node Reachers32
21:59:19 | INFO: Blender create Mesh node Reachers33
21:59:19 | INFO: Blender create Mesh node Sphere02
21:59:19 | INFO: Blender create Mesh node Sphere03
21:59:19 | INFO: glTF import finished in 0.03s
INFO Draco mesh compression is available, use library at C:\Program Files\Blender Foundation\Blender 4.4\4.4\scripts\addons_core\io_scene_gltf2\extern_draco.dll
21:59:19 | INFO: Starting glTF 2.0 export
21:59:19 | INFO: Extracting primitive: Reachers11
21:59:19 | INFO: Primitives created: 1
21:59:19 | INFO: Extracting primitive: Sub_Debris02
21:59:19 | INFO: Primitives created: 1
21:59:19 | INFO: Extracting primitive: Sub_Debris03
21:59:19 | INFO: Primitives created: 2
21:59:19 | INFO: Extracting primitive: VFX_HeadLight_P01
21:59:19 | INFO: Primitives created: 1
21:59:19 | INFO: Extracting primitive: Sub_Debris04
21:59:19 | INFO: Primitives created: 2
21:59:19 | INFO: Extracting primitive: Sub_Debris05
21:59:19 | INFO: Primitives created: 1
21:59:19 | INFO: Extracting primitive: Sub_Debris06
21:59:19 | INFO: Primitives created: 1
21:59:19 | INFO: Extracting primitive: Sub_Debris07
21:59:19 | INFO: Primitives created: 2
21:59:19 | INFO: Extracting primitive: VFX_HeadLight_P03
21:59:19 | INFO: Primitives created: 1
21:59:19 | INFO: Extracting primitive: Sub_Debris08
21:59:19 | INFO: Primitives created: 1
21:59:19 | INFO: Extracting primitive: VFX_HeadLight_P02
21:59:19 | INFO: Primitives created: 1
21:59:19 | INFO: Extracting primitive: Sub_Debris09
21:59:19 | INFO: Primitives created: 1
21:59:19 | INFO: Extracting primitive: Sub_Debris10
21:59:19 | INFO: Primitives created: 2
21:59:19 | INFO: Extracting primitive: Sub_Debris11
21:59:19 | INFO: Primitives created: 1
21:59:19 | INFO: Extracting primitive: Sub_Debris12
21:59:19 | INFO: Primitives created: 1
21:59:19 | INFO: Extracting primitive: Object05
21:59:19 | INFO: Primitives created: 1
21:59:19 | INFO: Extracting primitive: Sub_Debris13
21:59:19 | INFO: Primitives created: 1
21:59:19 | INFO: Extracting primitive: Sub_Debris14
21:59:19 | INFO: Primitives created: 2
21:59:19 | INFO: Extracting primitive: Sub_Debris15
21:59:19 | INFO: Primitives created: 2
21:59:19 | INFO: Extracting primitive: Sphere01
21:59:19 | INFO: Primitives created: 1
21:59:19 | INFO: Extracting primitive: Reachers04
21:59:19 | INFO: Primitives created: 1
21:59:19 | INFO: Extracting primitive: Reachers05
21:59:19 | INFO: Primitives created: 1
21:59:19 | INFO: Extracting primitive: Reachers06
21:59:19 | INFO: Primitives created: 1
21:59:19 | INFO: Extracting primitive: Reachers07
21:59:19 | INFO: Primitives created: 1
21:59:19 | INFO: Extracting primitive: Reachers08
21:59:19 | INFO: Primitives created: 1
21:59:19 | INFO: Extracting primitive: Reachers09
21:59:19 | INFO: Primitives created: 1
21:59:19 | INFO: Extracting primitive: Reachers10
21:59:19 | INFO: Primitives created: 1
21:59:19 | INFO: Extracting primitive: Sub_Debris01
21:59:19 | INFO: Primitives created: 1
21:59:19 | INFO: Extracting primitive: Reachers12
21:59:19 | INFO: Primitives created: 1
21:59:19 | INFO: Extracting primitive: Reachers13
21:59:19 | INFO: Primitives created: 1
21:59:19 | INFO: Extracting primitive: Reachers14
21:59:19 | INFO: Primitives created: 1
21:59:19 | INFO: Extracting primitive: Reachers15
21:59:19 | INFO: Primitives created: 1
21:59:19 | INFO: Extracting primitive: Reachers16
21:59:19 | INFO: Primitives created: 1
21:59:19 | INFO: Extracting primitive: Reachers17
21:59:19 | INFO: Primitives created: 1
21:59:19 | INFO: Extracting primitive: Reachers18
21:59:19 | INFO: Primitives created: 1
21:59:19 | INFO: Extracting primitive: Reachers19
21:59:19 | INFO: Primitives created: 1
21:59:19 | INFO: Extracting primitive: Reachers20
21:59:19 | INFO: Primitives created: 1
21:59:19 | INFO: Extracting primitive: Reachers21
21:59:19 | INFO: Primitives created: 1
21:59:19 | INFO: Extracting primitive: Reachers22
21:59:19 | INFO: Primitives created: 1
21:59:19 | INFO: Extracting primitive: Reachers23
21:59:19 | INFO: Primitives created: 1
21:59:19 | INFO: Extracting primitive: Reachers24
21:59:19 | INFO: Primitives created: 1
21:59:19 | INFO: Extracting primitive: Reachers25
21:59:19 | INFO: Primitives created: 1
21:59:19 | INFO: Extracting primitive: Reachers26
21:59:19 | INFO: Primitives created: 1
21:59:19 | INFO: Extracting primitive: Reachers27
21:59:19 | INFO: Primitives created: 1
21:59:19 | INFO: Extracting primitive: Reachers28
21:59:19 | INFO: Primitives created: 1
21:59:19 | INFO: Extracting primitive: Reachers29
21:59:19 | INFO: Primitives created: 1
21:59:19 | INFO: Extracting primitive: Reachers30
21:59:19 | INFO: Primitives created: 1
21:59:19 | INFO: Extracting primitive: Reachers31
21:59:19 | INFO: Primitives created: 1
21:59:19 | INFO: Extracting primitive: Reachers32
21:59:19 | INFO: Primitives created: 1
21:59:19 | INFO: Extracting primitive: Reachers33
21:59:19 | INFO: Primitives created: 1
21:59:19 | INFO: Extracting primitive: Sphere02
21:59:19 | INFO: Primitives created: 1
21:59:19 | INFO: Extracting primitive: Sphere03
21:59:19 | INFO: Primitives created: 1
21:59:19 | INFO: Finished glTF 2.0 export in 0.08353400230407715 s

Wrote: C:\Users\Romek\OneDrive\Desktop\vfx2obj_build\out\gltf\Explosion_Sub\Explosion_Sub.glb

Blender quit

