Running: C:\Users\Romek\OneDrive\Desktop\vfx2obj_build\dist\vfx2obj.exe 
--debug-frames --gltf 
C:\Users\Romek\OneDrive\Desktop\vfx2obj_build\vfxstudio\samples\Explosion_Sub.v
fx
[DEBUG_FRAMES] mesh='Reachers11' fps=15 frames=111 morph=False flags=0x00000000
[DEBUG_FRAMES] mesh='Sub_Debris02' fps=5 frames=37 morph=True flags=0x00000004
[DEBUG_FRAMES] mesh='Sub_Debris03' fps=5 frames=37 morph=True flags=0x00000004
[DEBUG_FRAMES] mesh='VFX_HeadLight_P01' fps=15 frames=111 morph=False flags=0x00000010
[DEBUG_FRAMES] mesh='Sub_Debris04' fps=5 frames=37 morph=True flags=0x00000004
[DEBUG_FRAMES] mesh='Sub_Debris05' fps=5 frames=37 morph=True flags=0x00000004
[DEBUG_FRAMES] mesh='Sub_Debris06' fps=5 frames=37 morph=True flags=0x00000004
[DEBUG_FRAMES] mesh='Sub_Debris07' fps=5 frames=37 morph=True flags=0x00000004
[DEBUG_FRAMES] mesh='VFX_HeadLight_P03' fps=15 frames=111 morph=False flags=0x00000010
[DEBUG_FRAMES] mesh='Sub_Debris08' fps=5 frames=37 morph=True flags=0x00000004
[DEBUG_FRAMES] mesh='VFX_HeadLight_P02' fps=15 frames=111 morph=False flags=0x00000010
[DEBUG_FRAMES] mesh='Sub_Debris09' fps=5 frames=37 morph=True flags=0x00000004
[DEBUG_FRAMES] mesh='Sub_Debris10' fps=5 frames=37 morph=True flags=0x00000004
[DEBUG_FRAMES] mesh='Sub_Debris11' fps=5 frames=37 morph=True flags=0x00000004
[DEBUG_FRAMES] mesh='Sub_Debris12' fps=5 frames=37 morph=True flags=0x00000004
[DEBUG_FRAMES] mesh='Object05' fps=5 frames=37 morph=True flags=0x00000004
[DEBUG_FRAMES] mesh='Sub_Debris13' fps=5 frames=37 morph=True flags=0x00000004
[DEBUG_FRAMES] mesh='Sub_Debris14' fps=5 frames=37 morph=True flags=0x00000004
[DEBUG_FRAMES] mesh='Sub_Debris15' fps=5 frames=37 morph=True flags=0x00000004
[DEBUG_FRAMES] mesh='Sphere01' fps=5 frames=37 morph=True flags=0x00000004
[DEBUG_FRAMES] mesh='Reachers04' fps=15 frames=111 morph=False flags=0x00000000
[DEBUG_FRAMES] mesh='Reachers05' fps=15 frames=111 morph=False flags=0x00000000
[DEBUG_FRAMES] mesh='Reachers06' fps=15 frames=111 morph=False flags=0x00000000
[DEBUG_FRAMES] mesh='Reachers07' fps=15 frames=111 morph=False flags=0x00000000
[DEBUG_FRAMES] mesh='Reachers08' fps=15 frames=111 morph=False flags=0x00000000
[DEBUG_FRAMES] mesh='Reachers09' fps=15 frames=111 morph=False flags=0x00000000
[DEBUG_FRAMES] mesh='Reachers10' fps=15 frames=111 morph=False flags=0x00000000
[DEBUG_FRAMES] mesh='Sub_Debris01' fps=5 frames=37 morph=True flags=0x00000004
[DEBUG_FRAMES] mesh='Reachers12' fps=15 frames=111 morph=False flags=0x00000000
[DEBUG_FRAMES] mesh='Reachers13' fps=15 frames=111 morph=False flags=0x00000000
[DEBUG_FRAMES] mesh='Reachers14' fps=15 frames=111 morph=False flags=0x00000000
[DEBUG_FRAMES] mesh='Reachers15' fps=15 frames=111 morph=False flags=0x00000000
[DEBUG_FRAMES] mesh='Reachers16' fps=15 frames=111 morph=False flags=0x00000000
[DEBUG_FRAMES] mesh='Reachers17' fps=15 frames=111 morph=False flags=0x00000000
[DEBUG_FRAMES] mesh='Reachers18' fps=15 frames=111 morph=False flags=0x00000000
[DEBUG_FRAMES] mesh='Reachers19' fps=15 frames=111 morph=False flags=0x00000000
[DEBUG_FRAMES] mesh='Reachers20' fps=15 frames=111 morph=False flags=0x00000000
[DEBUG_FRAMES] mesh='Reachers21' fps=15 frames=111 morph=False flags=0x00000000
[DEBUG_FRAMES] mesh='Reachers22' fps=15 frames=111 morph=False flags=0x00000000
[DEBUG_FRAMES] mesh='Reachers23' fps=15 frames=111 morph=False flags=0x00000000
[DEBUG_FRAMES] mesh='Reachers24' fps=15 frames=111 morph=False flags=0x00000000
[DEBUG_FRAMES] mesh='Reachers25' fps=15 frames=111 morph=False flags=0x00000000
[DEBUG_FRAMES] mesh='Reachers26' fps=15 frames=111 morph=False flags=0x00000000
[DEBUG_FRAMES] mesh='Reachers27' fps=15 frames=111 morph=False flags=0x00000000
[DEBUG_FRAMES] mesh='Reachers28' fps=15 frames=111 morph=False flags=0x00000000
[DEBUG_FRAMES] mesh='Reachers29' fps=15 frames=111 morph=False flags=0x00000000
[DEBUG_FRAMES] mesh='Reachers30' fps=15 frames=111 morph=False flags=0x00000000
[DEBUG_FRAMES] mesh='Reachers31' fps=15 frames=111 morph=False flags=0x00000000
[DEBUG_FRAMES] mesh='Reachers32' fps=15 frames=111 morph=False flags=0x00000000
[DEBUG_FRAMES] mesh='Reachers33' fps=15 frames=111 morph=False flags=0x00000000
[DEBUG_FRAMES] mesh='Sphere02' fps=15 frames=111 morph=False flags=0x00000000
[DEBUG_FRAMES] mesh='Sphere03' fps=5 frames=37 morph=True flags=0x00000004
Wrote: C:\Users\Romek\OneDrive\Desktop\vfx2obj_build\vfxstudio\samples\Explosion_Sub.gltf
Wrote: C:\Users\Romek\OneDrive\Desktop\vfx2obj_build\vfxstudio\samples\Explosion_Sub.bin
Done. (Converter writes next to input; we will wire --out next.)

