21:59:24 | INFO: Data are loaded, start creating Blender stuff
21:59:24 | INFO: Blender create Mesh node RiotShieldPiece05
Blender 4.4.0 (hash 05377985c527 built 2025-03-18 03:22:03)
Error: Cannot read 'C:\Users\Romek\OneDrive\Desktop\vfx2obj_build\out\gltf\RiotShieldBreak\riotshield1.tga': No such file or directory
21:59:24 | ERROR: Missing image file (index 3): C:\Users\Romek\OneDrive\Desktop\vfx2obj_build\out\gltf\RiotShieldBreak\riotshield1.tga
21:59:24 | INFO: Blender create Mesh node RiotShieldPiece02
21:59:24 | INFO: Blender create Mesh node RiotShieldPiece03
21:59:24 | INFO: Blender create Mesh node RiotShieldPiece04
21:59:24 | INFO: Blender create Mesh node RiotShieldPiece01
21:59:24 | INFO: Blender create Mesh node RiotShieldPiece06
21:59:24 | INFO: Blender create Mesh node RiotShieldPiece07
21:59:24 | INFO: Blender create Mesh node RiotShieldPiece08
21:59:24 | INFO: Blender create Mesh node RiotShieldPiece09
21:59:24 | INFO: glTF import finished in 0.01s
INFO Draco mesh compression is available, use library at C:\Program Files\Blender Foundation\Blender 4.4\4.4\scripts\addons_core\io_scene_gltf2\extern_draco.dll
21:59:24 | INFO: Starting glTF 2.0 export
21:59:24 | INFO: Extracting primitive: RiotShieldPiece05
21:59:24 | INFO: Primitives created: 1
21:59:24 | INFO: Extracting primitive: RiotShieldPiece02
21:59:24 | INFO: Primitives created: 1
21:59:24 | INFO: Extracting primitive: RiotShieldPiece03
21:59:24 | INFO: Primitives created: 1
21:59:24 | INFO: Extracting primitive: RiotShieldPiece04
21:59:24 | INFO: Primitives created: 1
21:59:24 | INFO: Extracting primitive: RiotShieldPiece01
21:59:24 | INFO: Primitives created: 1
21:59:24 | INFO: Extracting primitive: RiotShieldPiece06
21:59:24 | INFO: Primitives created: 1
21:59:24 | INFO: Extracting primitive: RiotShieldPiece07
21:59:24 | INFO: Primitives created: 1
21:59:24 | INFO: Extracting primitive: RiotShieldPiece08
21:59:24 | INFO: Primitives created: 1
21:59:24 | INFO: Extracting primitive: RiotShieldPiece09
21:59:24 | INFO: Primitives created: 1
21:59:24 | INFO: Finished glTF 2.0 export in 0.014014005661010742 s

Wrote: C:\Users\Romek\OneDrive\Desktop\vfx2obj_build\out\gltf\RiotShieldBreak\RiotShieldBreak.glb

Blender quit

