Running: C:\Users\Romek\OneDrive\Desktop\vfx2obj_build\dist\vfx2obj.exe 
--debug-frames --gltf 
C:\Users\Romek\OneDrive\Desktop\vfx2obj_build\vfxstudio\samples\fighter01.vfx
[DEBUG_FRAMES] mesh='S_D_04' fps=15 frames=21 morph=False flags=0x00000010
[DEBUG_FRAMES] mesh='Fighter01' fps=15 frames=21 morph=False flags=0x00000000
[DEBUG_FRAMES] mesh='Loft01hg01' fps=15 frames=21 morph=False flags=0x00000000
[DEBUG_FRAMES] mesh='Box01' fps=15 frames=21 morph=False flags=0x00000010
[DEBUG_FRAMES] mesh='Box21' fps=15 frames=21 morph=False flags=0x00000010
[DEBUG_FRAMES] mesh='Box51' fps=15 frames=21 morph=False flags=0x00000010
[DEBUG_FRAMES] mesh='A_D_01' fps=15 frames=21 morph=False flags=0x00000010
[DEBUG_FRAMES] mesh='A_D_02' fps=15 frames=21 morph=False flags=0x00000010
[DEBUG_FRAMES] mesh='A_D_03' fps=15 frames=21 morph=False flags=0x00000010
[DEBUG_FRAMES] mesh='S_D_02' fps=15 frames=21 morph=False flags=0x00000010
[DEBUG_FRAMES] mesh='S_D_03' fps=15 frames=21 morph=False flags=0x00000010
[DEBUG_FRAMES] mesh='Mesh02' fps=15 frames=21 morph=False flags=0x00000000
[DEBUG_FRAMES] mesh='P_D_01' fps=15 frames=21 morph=False flags=0x00000010
[DEBUG_FRAMES] mesh='P_D_02' fps=15 frames=21 morph=False flags=0x00000010
[DEBUG_FRAMES] mesh='P_D_03' fps=15 frames=21 morph=False flags=0x00000010
[DEBUG_FRAMES] mesh='S_D_05' fps=15 frames=21 morph=False flags=0x00000010
[DEBUG_FRAMES] mesh='Box52' fps=15 frames=21 morph=False flags=0x00000010
[DEBUG_FRAMES] mesh='Box53' fps=15 frames=21 morph=False flags=0x00000010
[DEBUG_FRAMES] mesh='Box54' fps=15 frames=21 morph=False flags=0x00000010
[DEBUG_FRAMES] mesh='Box02' fps=15 frames=21 morph=False flags=0x00000000
[DEBUG_FRAMES] mesh='Box55' fps=15 frames=21 morph=False flags=0x00000000
Wrote: C:\Users\Romek\OneDrive\Desktop\vfx2obj_build\vfxstudio\samples\fighter01.gltf
Wrote: C:\Users\Romek\OneDrive\Desktop\vfx2obj_build\vfxstudio\samples\fighter01.bin
Done. (Converter writes next to input; we will wire --out next.)

