21:59:20 | INFO: Data are loaded, start creating Blender stuff
21:59:20 | INFO: Blender create Mesh node S_D_04
Blender 4.4.0 (hash 05377985c527 built 2025-03-18 03:22:03)
Error: Cannot read 'C:\Users\Romek\OneDrive\Desktop\vfx2obj_build\out\gltf\fighter01\cocpit_primary_digit4.tga': No such file or directory
21:59:20 | ERROR: Missing image file (index 0): C:\Users\Romek\OneDrive\Desktop\vfx2obj_build\out\gltf\fighter01\cocpit_primary_digit4.tga
21:59:20 | INFO: Blender create Mesh node Fighter01
21:59:20 | INFO: Blender create Mesh node Loft01hg01
21:59:20 | INFO: Blender create Mesh node Box01
21:59:20 | INFO: Blender create Mesh node Box21
21:59:20 | INFO: Blender create Mesh node Box51
21:59:20 | INFO: Blender create Mesh node A_D_01
21:59:20 | INFO: Blender create Mesh node A_D_02
21:59:20 | INFO: Blender create Mesh node A_D_03
21:59:20 | INFO: Blender create Mesh node S_D_02
21:59:20 | INFO: Blender create Mesh node S_D_03
21:59:20 | INFO: Blender create Mesh node Mesh02
Error: Cannot read 'C:\Users\Romek\OneDrive\Desktop\vfx2obj_build\out\gltf\fighter01\Fighter01_Cockpit_P01.tga': No such file or directory
21:59:20 | ERROR: Missing image file (index 1): C:\Users\Romek\OneDrive\Desktop\vfx2obj_build\out\gltf\fighter01\Fighter01_Cockpit_P01.tga
21:59:20 | INFO: Blender create Mesh node P_D_01
21:59:20 | INFO: Blender create Mesh node P_D_02
21:59:20 | INFO: Blender create Mesh node P_D_03
21:59:20 | INFO: Blender create Mesh node S_D_05
21:59:20 | INFO: Blender create Mesh node Box52
21:59:20 | INFO: Blender create Mesh node Box53
21:59:20 | INFO: Blender create Mesh node Box54
21:59:20 | INFO: Blender create Mesh node Box02
21:59:20 | INFO: Blender create Mesh node Box55
21:59:20 | INFO: glTF import finished in 0.01s
INFO Draco mesh compression is available, use library at C:\Program Files\Blender Foundation\Blender 4.4\4.4\scripts\addons_core\io_scene_gltf2\extern_draco.dll
21:59:20 | INFO: Starting glTF 2.0 export
21:59:20 | INFO: Extracting primitive: S_D_04
21:59:20 | INFO: Primitives created: 1
21:59:20 | INFO: Extracting primitive: Fighter01
21:59:20 | INFO: Primitives created: 1
21:59:20 | INFO: Extracting primitive: Loft01hg01
21:59:20 | INFO: Primitives created: 1
21:59:20 | INFO: Extracting primitive: Box01
21:59:20 | INFO: Primitives created: 1
21:59:20 | INFO: Extracting primitive: Box21
21:59:20 | INFO: Primitives created: 1
21:59:20 | INFO: Extracting primitive: Box51
21:59:20 | INFO: Primitives created: 1
21:59:20 | INFO: Extracting primitive: A_D_01
21:59:20 | INFO: Primitives created: 1
21:59:20 | INFO: Extracting primitive: A_D_02
21:59:20 | INFO: Primitives created: 1
21:59:20 | INFO: Extracting primitive: A_D_03
21:59:20 | INFO: Primitives created: 1
21:59:20 | INFO: Extracting primitive: S_D_02
21:59:20 | INFO: Primitives created: 1
21:59:20 | INFO: Extracting primitive: S_D_03
21:59:20 | INFO: Primitives created: 1
21:59:20 | INFO: Extracting primitive: Mesh02
21:59:20 | INFO: Primitives created: 1
21:59:20 | INFO: Extracting primitive: P_D_01
21:59:20 | INFO: Primitives created: 1
21:59:20 | INFO: Extracting primitive: P_D_02
21:59:20 | INFO: Primitives created: 1
21:59:20 | INFO: Extracting primitive: P_D_03
21:59:20 | INFO: Primitives created: 1
21:59:20 | INFO: Extracting primitive: S_D_05
21:59:20 | INFO: Primitives created: 1
21:59:20 | INFO: Extracting primitive: Box52
21:59:20 | INFO: Primitives created: 1
21:59:20 | INFO: Extracting primitive: Box53
21:59:20 | INFO: Primitives created: 1
21:59:20 | INFO: Extracting primitive: Box54
21:59:20 | INFO: Primitives created: 1
21:59:20 | INFO: Extracting primitive: Box02
21:59:20 | INFO: Primitives created: 1
21:59:20 | INFO: Extracting primitive: Box55
21:59:20 | INFO: Primitives created: 1
21:59:20 | INFO: Finished glTF 2.0 export in 0.027561664581298828 s

Wrote: C:\Users\Romek\OneDrive\Desktop\vfx2obj_build\out\gltf\fighter01\fighter01.glb

Blender quit

