21:59:22 | INFO: Data are loaded, start creating Blender stuff
21:59:22 | INFO: Blender create Mesh node Plane02
Blender 4.4.0 (hash 05377985c527 built 2025-03-18 03:22:03)
Error: Cannot read 'C:\Users\Romek\OneDrive\Desktop\vfx2obj_build\out\gltf\NanoShieldDestroy\NanoMuzzleFlash.tga': No such file or directory
21:59:22 | ERROR: Missing image file (index 0): C:\Users\Romek\OneDrive\Desktop\vfx2obj_build\out\gltf\NanoShieldDestroy\NanoMuzzleFlash.tga
21:59:22 | INFO: Blender create Mesh node Plane04
21:59:22 | INFO: Blender create Mesh node Plane05
21:59:22 | INFO: Blender create Mesh node Plane06
21:59:22 | INFO: Blender create Mesh node Plane07
21:59:22 | INFO: Blender create Mesh node Plane08
21:59:22 | INFO: Blender create Mesh node Plane01
21:59:22 | INFO: glTF import finished in 0.01s
INFO Draco mesh compression is available, use library at C:\Program Files\Blender Foundation\Blender 4.4\4.4\scripts\addons_core\io_scene_gltf2\extern_draco.dll
21:59:22 | INFO: Starting glTF 2.0 export
21:59:22 | INFO: Extracting primitive: Plane02
21:59:22 | INFO: Primitives created: 1
21:59:22 | INFO: Extracting primitive: Plane04
21:59:22 | INFO: Primitives created: 1
21:59:22 | INFO: Extracting primitive: Plane05
21:59:22 | INFO: Primitives created: 1
21:59:22 | INFO: Extracting primitive: Plane06
21:59:22 | INFO: Primitives created: 1
21:59:22 | INFO: Extracting primitive: Plane07
21:59:22 | INFO: Primitives created: 1
21:59:22 | INFO: Extracting primitive: Plane08
21:59:22 | INFO: Primitives created: 1
21:59:22 | INFO: Extracting primitive: Plane01
21:59:22 | INFO: Primitives created: 1
21:59:22 | INFO: Finished glTF 2.0 export in 0.010516643524169922 s

Wrote: C:\Users\Romek\OneDrive\Desktop\vfx2obj_build\out\gltf\NanoShieldDestroy\NanoShieldDestroy.glb

Blender quit

