21:59:23 | INFO: Data are loaded, start creating Blender stuff
21:59:23 | INFO: Blender create Mesh node Rail1-01
Blender 4.4.0 (hash 05377985c527 built 2025-03-18 03:22:03)
Error: Cannot read 'C:\Users\Romek\OneDrive\Desktop\vfx2obj_build\out\gltf\railrifleglow\railrifleGlowAlpha.tga': No such file or directory
21:59:23 | ERROR: Missing image file (index 0): C:\Users\Romek\OneDrive\Desktop\vfx2obj_build\out\gltf\railrifleglow\railrifleGlowAlpha.tga
21:59:23 | INFO: Blender create Mesh node Rail1-02
21:59:23 | INFO: Blender create Mesh node Rail1-03
21:59:23 | INFO: Blender create Mesh node Rail1-04
21:59:23 | INFO: Blender create Mesh node Rail2-03
21:59:23 | INFO: Blender create Mesh node Rail2-02
21:59:23 | INFO: Blender create Mesh node Rail2-01
21:59:23 | INFO: Blender create Mesh node Rail2-04
21:59:23 | INFO: glTF import finished in 0.01s
INFO Draco mesh compression is available, use library at C:\Program Files\Blender Foundation\Blender 4.4\4.4\scripts\addons_core\io_scene_gltf2\extern_draco.dll
21:59:23 | INFO: Starting glTF 2.0 export
21:59:23 | INFO: Extracting primitive: Rail1-01
21:59:23 | INFO: Primitives created: 1
21:59:23 | INFO: Extracting primitive: Rail1-02
21:59:23 | INFO: Primitives created: 1
21:59:23 | INFO: Extracting primitive: Rail1-03
21:59:23 | INFO: Primitives created: 1
21:59:23 | INFO: Extracting primitive: Rail1-04
21:59:23 | INFO: Primitives created: 1
21:59:23 | INFO: Extracting primitive: Rail2-03
21:59:23 | INFO: Primitives created: 1
21:59:23 | INFO: Extracting primitive: Rail2-02
21:59:23 | INFO: Primitives created: 1
21:59:23 | INFO: Extracting primitive: Rail2-01
21:59:23 | INFO: Primitives created: 1
21:59:23 | INFO: Extracting primitive: Rail2-04
21:59:23 | INFO: Primitives created: 1
21:59:23 | INFO: Finished glTF 2.0 export in 0.01330709457397461 s

Wrote: C:\Users\Romek\OneDrive\Desktop\vfx2obj_build\out\gltf\railrifleglow\railrifleglow.glb

Blender quit

